# JRE version: Java(TM) SE Runtime Environment (8.0_65-b17) (build 1.8.0_65-b17)
# Java VM: Java HotSpot(TM) 64-Bit Server VM (25.65-b01 mixed mode bsd-amd64 compressed oops)
Heap:
 PSYoungGen      total 38400K, used 33504K [0x0000000795580000, 0x0000000799200000, 0x00000007c0000000)
  eden space 30720K, 84% used [0x0000000795580000,0x0000000796ec8110,0x0000000797380000)
  from space 7680K, 99% used [0x0000000798a80000,0x00000007991f01d0,0x0000000799200000)
  to   space 15360K, 0% used [0x0000000797400000,0x0000000797400000,0x0000000798300000)
 ParOldGen       total 92672K, used 42117K [0x0000000740000000, 0x0000000745a80000, 0x0000000795580000)
  object space 92672K, 45% used [0x0000000740000000,0x0000000742921428,0x0000000745a80000)
 Metaspace       used 21359K, capacity 21591K, committed 21808K, reserved 1069056K
  class space    used 2051K, capacity 2112K, committed 2176K, reserved 1048576K
GC Heap History (10 events):
Event: 11.373 GC heap before
{Heap before GC invocations=7 (full 1):
 PSYoungGen      total 47104K, used 11181K [0x0000000795580000, 0x0000000799300000, 0x00000007c0000000)
  eden space 32256K, 0% used [0x0000000795580000,0x0000000795580000,0x0000000797500000)
  from space 14848K, 75% used [0x0000000798400000,0x0000000798eeb610,0x0000000799280000)
  to   space 15360K, 0% used [0x0000000797500000,0x0000000797500000,0x0000000798400000)
 ParOldGen       total 87552K, used 22906K [0x0000000740000000, 0x0000000745580000, 0x0000000795580000)
  object space 87552K, 26% used [0x0000000740000000,0x000000074165ebd8,0x0000000745580000)
 Metaspace       used 20996K, capacity 21143K, committed 21296K, reserved 1069056K
  class space    used 2044K, capacity 2112K, committed 2176K, reserved 1048576K
Event: 11.445 GC heap after
Heap after GC invocations=7 (full 1):
 PSYoungGen      total 47104K, used 0K [0x0000000795580000, 0x0000000799300000, 0x00000007c0000000)
  eden space 32256K, 0% used [0x0000000795580000,0x0000000795580000,0x0000000797500000)
  from space 14848K, 0% used [0x0000000798400000,0x0000000798400000,0x0000000799280000)
  to   space 15360K, 0% used [0x0000000797500000,0x0000000797500000,0x0000000798400000)
 ParOldGen       total 92672K, used 33380K [0x0000000740000000, 0x0000000745a80000, 0x0000000795580000)
  object space 92672K, 36% used [0x0000000740000000,0x0000000742099208,0x0000000745a80000)
 Metaspace       used 20996K, capacity 21143K, committed 21296K, reserved 1069056K
  class space    used 2044K, capacity 2112K, committed 2176K, reserved 1048576K
}
Event: 13.477 GC heap before
{Heap before GC invocations=8 (full 1):
 PSYoungGen      total 47104K, used 32256K [0x0000000795580000, 0x0000000799300000, 0x00000007c0000000)
  eden space 32256K, 100% used [0x0000000795580000,0x0000000797500000,0x0000000797500000)
  from space 14848K, 0% used [0x0000000798400000,0x0000000798400000,0x0000000799280000)
  to   space 15360K, 0% used [0x0000000797500000,0x0000000797500000,0x0000000798400000)
 ParOldGen       total 92672K, used 33380K [0x0000000740000000, 0x0000000745a80000, 0x0000000795580000)
  object space 92672K, 36% used [0x0000000740000000,0x0000000742099208,0x0000000745a80000)
 Metaspace       used 21089K, capacity 21271K, committed 21552K, reserved 1069056K
  class space    used 2044K, capacity 2112K, committed 2176K, reserved 1048576K
Event: 13.480 GC heap after
Heap after GC invocations=8 (full 1):
 PSYoungGen      total 47616K, used 5536K [0x0000000795580000, 0x000000079a000000, 0x00000007c0000000)
  eden space 32256K, 0% used [0x0000000795580000,0x0000000795580000,0x0000000797500000)
  from space 15360K, 36% used [0x0000000797500000,0x0000000797a68150,0x0000000798400000)
  to   space 15360K, 0% used [0x0000000799100000,0x0000000799100000,0x000000079a000000)
 ParOldGen       total 92672K, used 33388K [0x0000000740000000, 0x0000000745a80000, 0x0000000795580000)
  object space 92672K, 36% used [0x0000000740000000,0x000000074209b208,0x0000000745a80000)
 Metaspace       used 21089K, capacity 21271K, committed 21552K, reserved 1069056K
  class space    used 2044K, capacity 2112K, committed 2176K, reserved 1048576K
}
Event: 17.596 GC heap before
{Heap before GC invocations=9 (full 1):
 PSYoungGen      total 47616K, used 37792K [0x0000000795580000, 0x000000079a000000, 0x00000007c0000000)
  eden space 32256K, 100% used [0x0000000795580000,0x0000000797500000,0x0000000797500000)
  from space 15360K, 36% used [0x0000000797500000,0x0000000797a68150,0x0000000798400000)
  to   space 15360K, 0% used [0x0000000799100000,0x0000000799100000,0x000000079a000000)
 ParOldGen       total 92672K, used 33388K [0x0000000740000000, 0x0000000745a80000, 0x0000000795580000)
  object space 92672K, 36% used [0x0000000740000000,0x000000074209b208,0x0000000745a80000)
 Metaspace       used 21196K, capacity 21399K, committed 21552K, reserved 1069056K
  class space    used 2044K, capacity 2112K, committed 2176K, reserved 1048576K
Event: 17.601 GC heap after
Heap after GC invocations=9 (full 1):
 PSYoungGen      total 40448K, used 8608K [0x0000000795580000, 0x0000000799980000, 0x00000007c0000000)
  eden space 31744K, 0% used [0x0000000795580000,0x0000000795580000,0x0000000797480000)
  from space 8704K, 98% used [0x0000000799100000,0x0000000799968210,0x0000000799980000)
  to   space 14336K, 0% used [0x0000000797d80000,0x0000000797d80000,0x0000000798b80000)
 ParOldGen       total 92672K, used 33396K [0x0000000740000000, 0x0000000745a80000, 0x0000000795580000)
  object space 92672K, 36% used [0x0000000740000000,0x000000074209d208,0x0000000745a80000)
 Metaspace       used 21196K, capacity 21399K, committed 21552K, reserved 1069056K
  class space    used 2044K, capacity 2112K, committed 2176K, reserved 1048576K
}
Event: 20.217 GC heap before
{Heap before GC invocations=10 (full 1):
 PSYoungGen      total 40448K, used 40129K [0x0000000795580000, 0x0000000799980000, 0x00000007c0000000)
  eden space 31744K, 99% used [0x0000000795580000,0x0000000797448268,0x0000000797480000)
  from space 8704K, 98% used [0x0000000799100000,0x0000000799968210,0x0000000799980000)
  to   space 14336K, 0% used [0x0000000797d80000,0x0000000797d80000,0x0000000798b80000)
 ParOldGen       total 92672K, used 33396K [0x0000000740000000, 0x0000000745a80000, 0x0000000795580000)
  object space 92672K, 36% used [0x0000000740000000,0x000000074209d208,0x0000000745a80000)
 Metaspace       used 21226K, capacity 21399K, committed 21552K, reserved 1069056K
  class space    used 2044K, capacity 2112K, committed 2176K, reserved 1048576K
Event: 20.225 GC heap after
Heap after GC invocations=10 (full 1):
 PSYoungGen      total 44544K, used 12848K [0x0000000795580000, 0x0000000799200000, 0x00000007c0000000)
  eden space 31232K, 0% used [0x0000000795580000,0x0000000795580000,0x0000000797400000)
  from space 13312K, 96% used [0x0000000797d80000,0x0000000798a0c3c0,0x0000000798a80000)
  to   space 7680K, 0% used [0x0000000798a80000,0x0000000798a80000,0x0000000799200000)
 ParOldGen       total 92672K, used 33404K [0x0000000740000000, 0x0000000745a80000, 0x0000000795580000)
  object space 92672K, 36% used [0x0000000740000000,0x000000074209f208,0x0000000745a80000)
 Metaspace       used 21226K, capacity 21399K, committed 21552K, reserved 1069056K
  class space    used 2044K, capacity 2112K, committed 2176K, reserved 1048576K
}
Event: 22.949 GC heap before
{Heap before GC invocations=11 (full 1):
 PSYoungGen      total 44544K, used 44080K [0x0000000795580000, 0x0000000799200000, 0x00000007c0000000)
  eden space 31232K, 100% used [0x0000000795580000,0x0000000797400000,0x0000000797400000)
  from space 13312K, 96% used [0x0000000797d80000,0x0000000798a0c3c0,0x0000000798a80000)
  to   space 7680K, 0% used [0x0000000798a80000,0x0000000798a80000,0x0000000799200000)
 ParOldGen       total 92672K, used 33404K [0x0000000740000000, 0x0000000745a80000, 0x0000000795580000)
  object space 92672K, 36% used [0x0000000740000000,0x000000074209f208,0x0000000745a80000)
 Metaspace       used 21314K, capacity 21463K, committed 21808K, reserved 1069056K
  class space    used 2044K, capacity 2112K, committed 2176K, reserved 1048576K
Event: 22.958 GC heap after
Heap after GC invocations=11 (full 1):
 PSYoungGen      total 38400K, used 7616K [0x0000000795580000, 0x0000000799200000, 0x00000007c0000000)
  eden space 30720K, 0% used [0x0000000795580000,0x0000000795580000,0x0000000797380000)
  from space 7680K, 99% used [0x0000000798a80000,0x00000007991f01d0,0x0000000799200000)
  to   space 15360K, 0% used [0x0000000797400000,0x0000000797400000,0x0000000798300000)
 ParOldGen       total 92672K, used 42117K [0x0000000740000000, 0x0000000745a80000, 0x0000000795580000)
  object space 92672K, 45% used [0x0000000740000000,0x0000000742921428,0x0000000745a80000)
 Metaspace       used 21314K, capacity 21463K, committed 21808K, reserved 1069056K
  class space    used 2044K, capacity 2112K, committed 2176K, reserved 1048576K
}

