# JRE version: Java(TM) SE Runtime Environment (8.0_65-b17) (build 1.8.0_65-b17)
# Java VM: Java HotSpot(TM) 64-Bit Server VM (25.65-b01 mixed mode bsd-amd64 compressed oops)
Heap:
 PSYoungGen      total 12800K, used 3221K [0x0000000795580000, 0x0000000796300000, 0x00000007c0000000)
  eden space 12288K, 25% used [0x0000000795580000,0x0000000795885458,0x0000000796180000)
  from space 512K, 25% used [0x0000000796280000,0x00000007962a0000,0x0000000796300000)
  to   space 512K, 0% used [0x0000000796200000,0x0000000796200000,0x0000000796280000)
 ParOldGen       total 58880K, used 40895K [0x0000000740000000, 0x0000000743980000, 0x0000000795580000)
  object space 58880K, 69% used [0x0000000740000000,0x00000007427efec8,0x0000000743980000)
 Metaspace       used 21374K, capacity 21531K, committed 21808K, reserved 1069056K
  class space    used 2062K, capacity 2112K, committed 2176K, reserved 1048576K
GC Heap History (10 events):
Event: 430.807 GC heap before
{Heap before GC invocations=187 (full 1):
 PSYoungGen      total 12800K, used 12384K [0x0000000795580000, 0x0000000796300000, 0x00000007c0000000)
  eden space 12288K, 100% used [0x0000000795580000,0x0000000796180000,0x0000000796180000)
  from space 512K, 18% used [0x0000000796200000,0x0000000796218000,0x0000000796280000)
  to   space 512K, 0% used [0x0000000796280000,0x0000000796280000,0x0000000796300000)
 ParOldGen       total 58880K, used 40895K [0x0000000740000000, 0x0000000743980000, 0x0000000795580000)
  object space 58880K, 69% used [0x0000000740000000,0x00000007427efec8,0x0000000743980000)
 Metaspace       used 21339K, capacity 21531K, committed 21808K, reserved 1069056K
  class space    used 2055K, capacity 2112K, committed 2176K, reserved 1048576K
Event: 430.809 GC heap after
Heap after GC invocations=187 (full 1):
 PSYoungGen      total 12800K, used 128K [0x0000000795580000, 0x0000000796300000, 0x00000007c0000000)
  eden space 12288K, 0% used [0x0000000795580000,0x0000000795580000,0x0000000796180000)
  from space 512K, 25% used [0x0000000796280000,0x00000007962a0000,0x0000000796300000)
  to   space 512K, 0% used [0x0000000796200000,0x0000000796200000,0x0000000796280000)
 ParOldGen       total 58880K, used 40895K [0x0000000740000000, 0x0000000743980000, 0x0000000795580000)
  object space 58880K, 69% used [0x0000000740000000,0x00000007427efec8,0x0000000743980000)
 Metaspace       used 21339K, capacity 21531K, committed 21808K, reserved 1069056K
  class space    used 2055K, capacity 2112K, committed 2176K, reserved 1048576K
}
Event: 432.822 GC heap before
{Heap before GC invocations=188 (full 1):
 PSYoungGen      total 12800K, used 12416K [0x0000000795580000, 0x0000000796300000, 0x00000007c0000000)
  eden space 12288K, 100% used [0x0000000795580000,0x0000000796180000,0x0000000796180000)
  from space 512K, 25% used [0x0000000796280000,0x00000007962a0000,0x0000000796300000)
  to   space 512K, 0% used [0x0000000796200000,0x0000000796200000,0x0000000796280000)
 ParOldGen       total 58880K, used 40895K [0x0000000740000000, 0x0000000743980000, 0x0000000795580000)
  object space 58880K, 69% used [0x0000000740000000,0x00000007427efec8,0x0000000743980000)
 Metaspace       used 21339K, capacity 21531K, committed 21808K, reserved 1069056K
  class space    used 2055K, capacity 2112K, committed 2176K, reserved 1048576K
Event: 432.824 GC heap after
Heap after GC invocations=188 (full 1):
 PSYoungGen      total 12800K, used 96K [0x0000000795580000, 0x0000000796300000, 0x00000007c0000000)
  eden space 12288K, 0% used [0x0000000795580000,0x0000000795580000,0x0000000796180000)
  from space 512K, 18% used [0x0000000796200000,0x0000000796218000,0x0000000796280000)
  to   space 512K, 0% used [0x0000000796280000,0x0000000796280000,0x0000000796300000)
 ParOldGen       total 58880K, used 40895K [0x0000000740000000, 0x0000000743980000, 0x0000000795580000)
  object space 58880K, 69% used [0x0000000740000000,0x00000007427efec8,0x0000000743980000)
 Metaspace       used 21339K, capacity 21531K, committed 21808K, reserved 1069056K
  class space    used 2055K, capacity 2112K, committed 2176K, reserved 1048576K
}
Event: 434.807 GC heap before
{Heap before GC invocations=189 (full 1):
 PSYoungGen      total 12800K, used 12384K [0x0000000795580000, 0x0000000796300000, 0x00000007c0000000)
  eden space 12288K, 100% used [0x0000000795580000,0x0000000796180000,0x0000000796180000)
  from space 512K, 18% used [0x0000000796200000,0x0000000796218000,0x0000000796280000)
  to   space 512K, 0% used [0x0000000796280000,0x0000000796280000,0x0000000796300000)
 ParOldGen       total 58880K, used 40895K [0x0000000740000000, 0x0000000743980000, 0x0000000795580000)
  object space 58880K, 69% used [0x0000000740000000,0x00000007427efec8,0x0000000743980000)
 Metaspace       used 21340K, capacity 21531K, committed 21808K, reserved 1069056K
  class space    used 2055K, capacity 2112K, committed 2176K, reserved 1048576K
Event: 434.808 GC heap after
Heap after GC invocations=189 (full 1):
 PSYoungGen      total 12800K, used 128K [0x0000000795580000, 0x0000000796300000, 0x00000007c0000000)
  eden space 12288K, 0% used [0x0000000795580000,0x0000000795580000,0x0000000796180000)
  from space 512K, 25% used [0x0000000796280000,0x00000007962a0000,0x0000000796300000)
  to   space 512K, 0% used [0x0000000796200000,0x0000000796200000,0x0000000796280000)
 ParOldGen       total 58880K, used 40895K [0x0000000740000000, 0x0000000743980000, 0x0000000795580000)
  object space 58880K, 69% used [0x0000000740000000,0x00000007427efec8,0x0000000743980000)
 Metaspace       used 21340K, capacity 21531K, committed 21808K, reserved 1069056K
  class space    used 2055K, capacity 2112K, committed 2176K, reserved 1048576K
}
Event: 436.808 GC heap before
{Heap before GC invocations=190 (full 1):
 PSYoungGen      total 12800K, used 12416K [0x0000000795580000, 0x0000000796300000, 0x00000007c0000000)
  eden space 12288K, 100% used [0x0000000795580000,0x0000000796180000,0x0000000796180000)
  from space 512K, 25% used [0x0000000796280000,0x00000007962a0000,0x0000000796300000)
  to   space 512K, 0% used [0x0000000796200000,0x0000000796200000,0x0000000796280000)
 ParOldGen       total 58880K, used 40895K [0x0000000740000000, 0x0000000743980000, 0x0000000795580000)
  object space 58880K, 69% used [0x0000000740000000,0x00000007427efec8,0x0000000743980000)
 Metaspace       used 21340K, capacity 21531K, committed 21808K, reserved 1069056K
  class space    used 2055K, capacity 2112K, committed 2176K, reserved 1048576K
Event: 436.810 GC heap after
Heap after GC invocations=190 (full 1):
 PSYoungGen      total 12800K, used 128K [0x0000000795580000, 0x0000000796300000, 0x00000007c0000000)
  eden space 12288K, 0% used [0x0000000795580000,0x0000000795580000,0x0000000796180000)
  from space 512K, 25% used [0x0000000796200000,0x0000000796220000,0x0000000796280000)
  to   space 512K, 0% used [0x0000000796280000,0x0000000796280000,0x0000000796300000)
 ParOldGen       total 58880K, used 40895K [0x0000000740000000, 0x0000000743980000, 0x0000000795580000)
  object space 58880K, 69% used [0x0000000740000000,0x00000007427efec8,0x0000000743980000)
 Metaspace       used 21340K, capacity 21531K, committed 21808K, reserved 1069056K
  class space    used 2055K, capacity 2112K, committed 2176K, reserved 1048576K
}
Event: 438.810 GC heap before
{Heap before GC invocations=191 (full 1):
 PSYoungGen      total 12800K, used 12416K [0x0000000795580000, 0x0000000796300000, 0x00000007c0000000)
  eden space 12288K, 100% used [0x0000000795580000,0x0000000796180000,0x0000000796180000)
  from space 512K, 25% used [0x0000000796200000,0x0000000796220000,0x0000000796280000)
  to   space 512K, 0% used [0x0000000796280000,0x0000000796280000,0x0000000796300000)
 ParOldGen       total 58880K, used 40895K [0x0000000740000000, 0x0000000743980000, 0x0000000795580000)
  object space 58880K, 69% used [0x0000000740000000,0x00000007427efec8,0x0000000743980000)
 Metaspace       used 21340K, capacity 21531K, committed 21808K, reserved 1069056K
  class space    used 2055K, capacity 2112K, committed 2176K, reserved 1048576K
Event: 438.811 GC heap after
Heap after GC invocations=191 (full 1):
 PSYoungGen      total 12800K, used 128K [0x0000000795580000, 0x0000000796300000, 0x00000007c0000000)
  eden space 12288K, 0% used [0x0000000795580000,0x0000000795580000,0x0000000796180000)
  from space 512K, 25% used [0x0000000796280000,0x00000007962a0000,0x0000000796300000)
  to   space 512K, 0% used [0x0000000796200000,0x0000000796200000,0x0000000796280000)
 ParOldGen       total 58880K, used 40895K [0x0000000740000000, 0x0000000743980000, 0x0000000795580000)
  object space 58880K, 69% used [0x0000000740000000,0x00000007427efec8,0x0000000743980000)
 Metaspace       used 21340K, capacity 21531K, committed 21808K, reserved 1069056K
  class space    used 2055K, capacity 2112K, committed 2176K, reserved 1048576K
}

