# JRE version: Java(TM) SE Runtime Environment (8.0_65-b17) (build 1.8.0_65-b17)
# Java VM: Java HotSpot(TM) 64-Bit Server VM (25.65-b01 mixed mode bsd-amd64 compressed oops)
Heap:
 PSYoungGen      total 34304K, used 15913K [0x0000000795580000, 0x0000000798980000, 0x00000007c0000000)
  eden space 33792K, 46% used [0x0000000795580000,0x00000007964f2648,0x0000000797680000)
  from space 512K, 18% used [0x0000000797700000,0x0000000797718000,0x0000000797780000)
  to   space 9728K, 0% used [0x0000000798000000,0x0000000798000000,0x0000000798980000)
 ParOldGen       total 122880K, used 96985K [0x0000000740000000, 0x0000000747800000, 0x0000000795580000)
  object space 122880K, 78% used [0x0000000740000000,0x0000000745eb6528,0x0000000747800000)
 Metaspace       used 19628K, capacity 19815K, committed 19968K, reserved 1067008K
  class space    used 1872K, capacity 1950K, committed 2048K, reserved 1048576K
GC Heap History (10 events):
Event: 174.589 GC heap before
{Heap before GC invocations=32 (full 1):
 PSYoungGen      total 47104K, used 36480K [0x0000000795580000, 0x0000000799000000, 0x00000007c0000000)
  eden space 36352K, 100% used [0x0000000795580000,0x0000000797900000,0x0000000797900000)
  from space 10752K, 1% used [0x0000000798580000,0x00000007985a0000,0x0000000799000000)
  to   space 11776K, 0% used [0x0000000797900000,0x0000000797900000,0x0000000798480000)
 ParOldGen       total 122880K, used 96985K [0x0000000740000000, 0x0000000747800000, 0x0000000795580000)
  object space 122880K, 78% used [0x0000000740000000,0x0000000745eb6528,0x0000000747800000)
 Metaspace       used 19593K, capacity 19783K, committed 19840K, reserved 1067008K
  class space    used 1864K, capacity 1918K, committed 1920K, reserved 1048576K
Event: 174.593 GC heap after
Heap after GC invocations=32 (full 1):
 PSYoungGen      total 36352K, used 64K [0x0000000795580000, 0x0000000798f80000, 0x00000007c0000000)
  eden space 35840K, 0% used [0x0000000795580000,0x0000000795580000,0x0000000797880000)
  from space 512K, 12% used [0x0000000797900000,0x0000000797910000,0x0000000797980000)
  to   space 11776K, 0% used [0x0000000798400000,0x0000000798400000,0x0000000798f80000)
 ParOldGen       total 122880K, used 96985K [0x0000000740000000, 0x0000000747800000, 0x0000000795580000)
  object space 122880K, 78% used [0x0000000740000000,0x0000000745eb6528,0x0000000747800000)
 Metaspace       used 19593K, capacity 19783K, committed 19840K, reserved 1067008K
  class space    used 1864K, capacity 1918K, committed 1920K, reserved 1048576K
}
Event: 181.625 GC heap before
{Heap before GC invocations=33 (full 1):
 PSYoungGen      total 36352K, used 35904K [0x0000000795580000, 0x0000000798f80000, 0x00000007c0000000)
  eden space 35840K, 100% used [0x0000000795580000,0x0000000797880000,0x0000000797880000)
  from space 512K, 12% used [0x0000000797900000,0x0000000797910000,0x0000000797980000)
  to   space 11776K, 0% used [0x0000000798400000,0x0000000798400000,0x0000000798f80000)
 ParOldGen       total 122880K, used 96985K [0x0000000740000000, 0x0000000747800000, 0x0000000795580000)
  object space 122880K, 78% used [0x0000000740000000,0x0000000745eb6528,0x0000000747800000)
 Metaspace       used 19593K, capacity 19783K, committed 19840K, reserved 1067008K
  class space    used 1864K, capacity 1918K, committed 1920K, reserved 1048576K
Event: 181.628 GC heap after
Heap after GC invocations=33 (full 1):
 PSYoungGen      total 45568K, used 64K [0x0000000795580000, 0x0000000798e00000, 0x00000007c0000000)
  eden space 35328K, 0% used [0x0000000795580000,0x0000000795580000,0x0000000797800000)
  from space 10240K, 0% used [0x0000000798400000,0x0000000798410000,0x0000000798e00000)
  to   space 11264K, 0% used [0x0000000797800000,0x0000000797800000,0x0000000798300000)
 ParOldGen       total 122880K, used 96985K [0x0000000740000000, 0x0000000747800000, 0x0000000795580000)
  object space 122880K, 78% used [0x0000000740000000,0x0000000745eb6528,0x0000000747800000)
 Metaspace       used 19593K, capacity 19783K, committed 19840K, reserved 1067008K
  class space    used 1864K, capacity 1918K, committed 1920K, reserved 1048576K
}
Event: 189.484 GC heap before
{Heap before GC invocations=34 (full 1):
 PSYoungGen      total 45568K, used 35392K [0x0000000795580000, 0x0000000798e00000, 0x00000007c0000000)
  eden space 35328K, 100% used [0x0000000795580000,0x0000000797800000,0x0000000797800000)
  from space 10240K, 0% used [0x0000000798400000,0x0000000798410000,0x0000000798e00000)
  to   space 11264K, 0% used [0x0000000797800000,0x0000000797800000,0x0000000798300000)
 ParOldGen       total 122880K, used 96985K [0x0000000740000000, 0x0000000747800000, 0x0000000795580000)
  object space 122880K, 78% used [0x0000000740000000,0x0000000745eb6528,0x0000000747800000)
 Metaspace       used 19593K, capacity 19783K, committed 19840K, reserved 1067008K
  class space    used 1864K, capacity 1918K, committed 1920K, reserved 1048576K
Event: 189.488 GC heap after
Heap after GC invocations=34 (full 1):
 PSYoungGen      total 35328K, used 32K [0x0000000795580000, 0x0000000798c80000, 0x00000007c0000000)
  eden space 34816K, 0% used [0x0000000795580000,0x0000000795580000,0x0000000797780000)
  from space 512K, 6% used [0x0000000797800000,0x0000000797808000,0x0000000797880000)
  to   space 10752K, 0% used [0x0000000798200000,0x0000000798200000,0x0000000798c80000)
 ParOldGen       total 122880K, used 96985K [0x0000000740000000, 0x0000000747800000, 0x0000000795580000)
  object space 122880K, 78% used [0x0000000740000000,0x0000000745eb6528,0x0000000747800000)
 Metaspace       used 19593K, capacity 19783K, committed 19840K, reserved 1067008K
  class space    used 1864K, capacity 1918K, committed 1920K, reserved 1048576K
}
Event: 196.433 GC heap before
{Heap before GC invocations=35 (full 1):
 PSYoungGen      total 35328K, used 34848K [0x0000000795580000, 0x0000000798c80000, 0x00000007c0000000)
  eden space 34816K, 100% used [0x0000000795580000,0x0000000797780000,0x0000000797780000)
  from space 512K, 6% used [0x0000000797800000,0x0000000797808000,0x0000000797880000)
  to   space 10752K, 0% used [0x0000000798200000,0x0000000798200000,0x0000000798c80000)
 ParOldGen       total 122880K, used 96985K [0x0000000740000000, 0x0000000747800000, 0x0000000795580000)
  object space 122880K, 78% used [0x0000000740000000,0x0000000745eb6528,0x0000000747800000)
 Metaspace       used 19593K, capacity 19783K, committed 19840K, reserved 1067008K
  class space    used 1864K, capacity 1918K, committed 1920K, reserved 1048576K
Event: 196.442 GC heap after
Heap after GC invocations=35 (full 1):
 PSYoungGen      total 43520K, used 96K [0x0000000795580000, 0x0000000798b00000, 0x00000007c0000000)
  eden space 34304K, 0% used [0x0000000795580000,0x0000000795580000,0x0000000797700000)
  from space 9216K, 1% used [0x0000000798200000,0x0000000798218000,0x0000000798b00000)
  to   space 10240K, 0% used [0x0000000797700000,0x0000000797700000,0x0000000798100000)
 ParOldGen       total 122880K, used 96985K [0x0000000740000000, 0x0000000747800000, 0x0000000795580000)
  object space 122880K, 78% used [0x0000000740000000,0x0000000745eb6528,0x0000000747800000)
 Metaspace       used 19593K, capacity 19783K, committed 19840K, reserved 1067008K
  class space    used 1864K, capacity 1918K, committed 1920K, reserved 1048576K
}
Event: 203.254 GC heap before
{Heap before GC invocations=36 (full 1):
 PSYoungGen      total 43520K, used 34400K [0x0000000795580000, 0x0000000798b00000, 0x00000007c0000000)
  eden space 34304K, 100% used [0x0000000795580000,0x0000000797700000,0x0000000797700000)
  from space 9216K, 1% used [0x0000000798200000,0x0000000798218000,0x0000000798b00000)
  to   space 10240K, 0% used [0x0000000797700000,0x0000000797700000,0x0000000798100000)
 ParOldGen       total 122880K, used 96985K [0x0000000740000000, 0x0000000747800000, 0x0000000795580000)
  object space 122880K, 78% used [0x0000000740000000,0x0000000745eb6528,0x0000000747800000)
 Metaspace       used 19593K, capacity 19783K, committed 19840K, reserved 1067008K
  class space    used 1864K, capacity 1918K, committed 1920K, reserved 1048576K
Event: 203.258 GC heap after
Heap after GC invocations=36 (full 1):
 PSYoungGen      total 34304K, used 96K [0x0000000795580000, 0x0000000798980000, 0x00000007c0000000)
  eden space 33792K, 0% used [0x0000000795580000,0x0000000795580000,0x0000000797680000)
  from space 512K, 18% used [0x0000000797700000,0x0000000797718000,0x0000000797780000)
  to   space 9728K, 0% used [0x0000000798000000,0x0000000798000000,0x0000000798980000)
 ParOldGen       total 122880K, used 96985K [0x0000000740000000, 0x0000000747800000, 0x0000000795580000)
  object space 122880K, 78% used [0x0000000740000000,0x0000000745eb6528,0x0000000747800000)
 Metaspace       used 19593K, capacity 19783K, committed 19840K, reserved 1067008K
  class space    used 1864K, capacity 1918K, committed 1920K, reserved 1048576K
}

