# JRE version: Java(TM) SE Runtime Environment (8.0_65-b17) (build 1.8.0_65-b17)
# Java VM: Java HotSpot(TM) 64-Bit Server VM (25.65-b01 mixed mode bsd-amd64 compressed oops)
Heap:
 PSYoungGen      total 35328K, used 31080K [0x0000000795580000, 0x0000000799080000, 0x00000007c0000000)
  eden space 31744K, 88% used [0x0000000795580000,0x00000007970d3000,0x0000000797480000)
  from space 3584K, 86% used [0x0000000797d00000,0x00000007980073e0,0x0000000798080000)
  to   space 12288K, 0% used [0x0000000798480000,0x0000000798480000,0x0000000799080000)
 ParOldGen       total 87552K, used 13922K [0x0000000740000000, 0x0000000745580000, 0x0000000795580000)
  object space 87552K, 15% used [0x0000000740000000,0x0000000740d98b88,0x0000000745580000)
 Metaspace       used 20976K, capacity 21129K, committed 21296K, reserved 1069056K
  class space    used 2044K, capacity 2111K, committed 2176K, reserved 1048576K
GC Heap History (10 events):
Event: 4.721 GC heap before
{Heap before GC invocations=3 (full 0):
 PSYoungGen      total 38400K, used 38145K [0x0000000795580000, 0x0000000798000000, 0x00000007c0000000)
  eden space 33280K, 99% used [0x0000000795580000,0x00000007975c5e58,0x0000000797600000)
  from space 5120K, 99% used [0x0000000797b00000,0x0000000797ffa640,0x0000000798000000)
  to   space 5120K, 0% used [0x0000000797600000,0x0000000797600000,0x0000000797b00000)
 ParOldGen       total 87552K, used 1686K [0x0000000740000000, 0x0000000745580000, 0x0000000795580000)
  object space 87552K, 1% used [0x0000000740000000,0x00000007401a5a70,0x0000000745580000)
 Metaspace       used 20253K, capacity 20489K, committed 20608K, reserved 1067008K
  class space    used 2035K, capacity 2111K, committed 2176K, reserved 1048576K
Event: 4.736 GC heap after
Heap after GC invocations=3 (full 0):
 PSYoungGen      total 38400K, used 5117K [0x0000000795580000, 0x000000079a080000, 0x00000007c0000000)
  eden space 33280K, 0% used [0x0000000795580000,0x0000000795580000,0x0000000797600000)
  from space 5120K, 99% used [0x0000000797600000,0x0000000797aff430,0x0000000797b00000)
  to   space 5120K, 0% used [0x0000000799b80000,0x0000000799b80000,0x000000079a080000)
 ParOldGen       total 87552K, used 8746K [0x0000000740000000, 0x0000000745580000, 0x0000000795580000)
  object space 87552K, 9% used [0x0000000740000000,0x000000074088a978,0x0000000745580000)
 Metaspace       used 20253K, capacity 20489K, committed 20608K, reserved 1067008K
  class space    used 2035K, capacity 2111K, committed 2176K, reserved 1048576K
}
Event: 8.107 GC heap before
{Heap before GC invocations=4 (full 0):
 PSYoungGen      total 38400K, used 38397K [0x0000000795580000, 0x000000079a080000, 0x00000007c0000000)
  eden space 33280K, 100% used [0x0000000795580000,0x0000000797600000,0x0000000797600000)
  from space 5120K, 99% used [0x0000000797600000,0x0000000797aff430,0x0000000797b00000)
  to   space 5120K, 0% used [0x0000000799b80000,0x0000000799b80000,0x000000079a080000)
 ParOldGen       total 87552K, used 8746K [0x0000000740000000, 0x0000000745580000, 0x0000000795580000)
  object space 87552K, 9% used [0x0000000740000000,0x000000074088a978,0x0000000745580000)
 Metaspace       used 20638K, capacity 20873K, committed 21120K, reserved 1069056K
  class space    used 2035K, capacity 2111K, committed 2176K, reserved 1048576K
Event: 8.127 GC heap after
Heap after GC invocations=4 (full 0):
 PSYoungGen      total 38400K, used 4989K [0x0000000795580000, 0x000000079a080000, 0x00000007c0000000)
  eden space 33280K, 0% used [0x0000000795580000,0x0000000795580000,0x0000000797600000)
  from space 5120K, 97% used [0x0000000799b80000,0x000000079a05f420,0x000000079a080000)
  to   space 5120K, 0% used [0x0000000797600000,0x0000000797600000,0x0000000797b00000)
 ParOldGen       total 87552K, used 12082K [0x0000000740000000, 0x0000000745580000, 0x0000000795580000)
  object space 87552K, 13% used [0x0000000740000000,0x0000000740bcca48,0x0000000745580000)
 Metaspace       used 20638K, capacity 20873K, committed 21120K, reserved 1069056K
  class space    used 2035K, capacity 2111K, committed 2176K, reserved 1048576K
}
Event: 14.778 GC heap before
{Heap before GC invocations=5 (full 0):
 PSYoungGen      total 38400K, used 38269K [0x0000000795580000, 0x000000079a080000, 0x00000007c0000000)
  eden space 33280K, 100% used [0x0000000795580000,0x0000000797600000,0x0000000797600000)
  from space 5120K, 97% used [0x0000000799b80000,0x000000079a05f420,0x000000079a080000)
  to   space 5120K, 0% used [0x0000000797600000,0x0000000797600000,0x0000000797b00000)
 ParOldGen       total 87552K, used 12082K [0x0000000740000000, 0x0000000745580000, 0x0000000795580000)
  object space 87552K, 13% used [0x0000000740000000,0x0000000740bcca48,0x0000000745580000)
 Metaspace       used 20910K, capacity 21129K, committed 21296K, reserved 1069056K
  class space    used 2035K, capacity 2111K, committed 2176K, reserved 1048576K
Event: 14.790 GC heap after
Heap after GC invocations=5 (full 0):
 PSYoungGen      total 37888K, used 4973K [0x0000000795580000, 0x0000000799c00000, 0x00000007c0000000)
  eden space 32768K, 0% used [0x0000000795580000,0x0000000795580000,0x0000000797580000)
  from space 5120K, 97% used [0x0000000797600000,0x0000000797adb410,0x0000000797b00000)
  to   space 12288K, 0% used [0x0000000799000000,0x0000000799000000,0x0000000799c00000)
 ParOldGen       total 87552K, used 12082K [0x0000000740000000, 0x0000000745580000, 0x0000000795580000)
  object space 87552K, 13% used [0x0000000740000000,0x0000000740bcca48,0x0000000745580000)
 Metaspace       used 20910K, capacity 21129K, committed 21296K, reserved 1069056K
  class space    used 2035K, capacity 2111K, committed 2176K, reserved 1048576K
}
Event: 21.380 GC heap before
{Heap before GC invocations=6 (full 0):
 PSYoungGen      total 37888K, used 37741K [0x0000000795580000, 0x0000000799c00000, 0x00000007c0000000)
  eden space 32768K, 100% used [0x0000000795580000,0x0000000797580000,0x0000000797580000)
  from space 5120K, 97% used [0x0000000797600000,0x0000000797adb410,0x0000000797b00000)
  to   space 12288K, 0% used [0x0000000799000000,0x0000000799000000,0x0000000799c00000)
 ParOldGen       total 87552K, used 12082K [0x0000000740000000, 0x0000000745580000, 0x0000000795580000)
  object space 87552K, 13% used [0x0000000740000000,0x0000000740bcca48,0x0000000745580000)
 Metaspace       used 20924K, capacity 21129K, committed 21296K, reserved 1069056K
  class space    used 2035K, capacity 2111K, committed 2176K, reserved 1048576K
Event: 21.393 GC heap after
Heap after GC invocations=6 (full 0):
 PSYoungGen      total 37376K, used 4925K [0x0000000795580000, 0x0000000799500000, 0x00000007c0000000)
  eden space 32256K, 0% used [0x0000000795580000,0x0000000795580000,0x0000000797500000)
  from space 5120K, 96% used [0x0000000799000000,0x00000007994cf400,0x0000000799500000)
  to   space 12288K, 0% used [0x0000000797d00000,0x0000000797d00000,0x0000000798900000)
 ParOldGen       total 87552K, used 12090K [0x0000000740000000, 0x0000000745580000, 0x0000000795580000)
  object space 87552K, 13% used [0x0000000740000000,0x0000000740bcea48,0x0000000745580000)
 Metaspace       used 20924K, capacity 21129K, committed 21296K, reserved 1069056K
  class space    used 2035K, capacity 2111K, committed 2176K, reserved 1048576K
}
Event: 28.001 GC heap before
{Heap before GC invocations=7 (full 0):
 PSYoungGen      total 37376K, used 37181K [0x0000000795580000, 0x0000000799500000, 0x00000007c0000000)
  eden space 32256K, 100% used [0x0000000795580000,0x0000000797500000,0x0000000797500000)
  from space 5120K, 96% used [0x0000000799000000,0x00000007994cf400,0x0000000799500000)
  to   space 12288K, 0% used [0x0000000797d00000,0x0000000797d00000,0x0000000798900000)
 ParOldGen       total 87552K, used 12090K [0x0000000740000000, 0x0000000745580000, 0x0000000795580000)
  object space 87552K, 13% used [0x0000000740000000,0x0000000740bcea48,0x0000000745580000)
 Metaspace       used 20925K, capacity 21129K, committed 21296K, reserved 1069056K
  class space    used 2035K, capacity 2111K, committed 2176K, reserved 1048576K
Event: 28.012 GC heap after
Heap after GC invocations=7 (full 0):
 PSYoungGen      total 35328K, used 3100K [0x0000000795580000, 0x0000000799080000, 0x00000007c0000000)
  eden space 31744K, 0% used [0x0000000795580000,0x0000000795580000,0x0000000797480000)
  from space 3584K, 86% used [0x0000000797d00000,0x00000007980073e0,0x0000000798080000)
  to   space 12288K, 0% used [0x0000000798480000,0x0000000798480000,0x0000000799080000)
 ParOldGen       total 87552K, used 13922K [0x0000000740000000, 0x0000000745580000, 0x0000000795580000)
  object space 87552K, 15% used [0x0000000740000000,0x0000000740d98b88,0x0000000745580000)
 Metaspace       used 20925K, capacity 21129K, committed 21296K, reserved 1069056K
  class space    used 2035K, capacity 2111K, committed 2176K, reserved 1048576K
}

