# JRE version: Java(TM) SE Runtime Environment (8.0_65-b17) (build 1.8.0_65-b17)
# Java VM: Java HotSpot(TM) 64-Bit Server VM (25.65-b01 mixed mode bsd-amd64 compressed oops)
Heap:
 PSYoungGen      total 45056K, used 1403K [0x0000000795580000, 0x0000000799000000, 0x00000007c0000000)
  eden space 31232K, 4% used [0x0000000795580000,0x00000007956dec70,0x0000000797400000)
  from space 13824K, 0% used [0x0000000798200000,0x0000000798200000,0x0000000798f80000)
  to   space 14336K, 0% used [0x0000000797400000,0x0000000797400000,0x0000000798200000)
 ParOldGen       total 56320K, used 15720K [0x0000000740000000, 0x0000000743700000, 0x0000000795580000)
  object space 56320K, 27% used [0x0000000740000000,0x0000000740f5a3e8,0x0000000743700000)
 Metaspace       used 20967K, capacity 21183K, committed 21552K, reserved 1069056K
  class space    used 2028K, capacity 2110K, committed 2176K, reserved 1048576K
GC Heap History (10 events):
Event: 20.993 GC heap before
{Heap before GC invocations=5 (full 0):
 PSYoungGen      total 38400K, used 38208K [0x0000000795580000, 0x0000000798000000, 0x00000007c0000000)
  eden space 33280K, 100% used [0x0000000795580000,0x0000000797600000,0x0000000797600000)
  from space 5120K, 96% used [0x0000000797b00000,0x0000000797fd00f0,0x0000000798000000)
  to   space 5120K, 0% used [0x0000000797600000,0x0000000797600000,0x0000000797b00000)
 ParOldGen       total 87552K, used 13018K [0x0000000740000000, 0x0000000745580000, 0x0000000795580000)
  object space 87552K, 14% used [0x0000000740000000,0x0000000740cb6988,0x0000000745580000)
 Metaspace       used 20932K, capacity 21119K, committed 21296K, reserved 1069056K
  class space    used 2021K, capacity 2110K, committed 2176K, reserved 1048576K
Event: 21.000 GC heap after
Heap after GC invocations=5 (full 0):
 PSYoungGen      total 37888K, used 4944K [0x0000000795580000, 0x0000000799180000, 0x00000007c0000000)
  eden space 32768K, 0% used [0x0000000795580000,0x0000000795580000,0x0000000797580000)
  from space 5120K, 96% used [0x0000000797600000,0x0000000797ad4100,0x0000000797b00000)
  to   space 14336K, 0% used [0x0000000798380000,0x0000000798380000,0x0000000799180000)
 ParOldGen       total 87552K, used 13018K [0x0000000740000000, 0x0000000745580000, 0x0000000795580000)
  object space 87552K, 14% used [0x0000000740000000,0x0000000740cb6988,0x0000000745580000)
 Metaspace       used 20932K, capacity 21119K, committed 21296K, reserved 1069056K
  class space    used 2021K, capacity 2110K, committed 2176K, reserved 1048576K
}
Event: 28.143 GC heap before
{Heap before GC invocations=6 (full 0):
 PSYoungGen      total 37888K, used 37712K [0x0000000795580000, 0x0000000799180000, 0x00000007c0000000)
  eden space 32768K, 100% used [0x0000000795580000,0x0000000797580000,0x0000000797580000)
  from space 5120K, 96% used [0x0000000797600000,0x0000000797ad4100,0x0000000797b00000)
  to   space 14336K, 0% used [0x0000000798380000,0x0000000798380000,0x0000000799180000)
 ParOldGen       total 87552K, used 13018K [0x0000000740000000, 0x0000000745580000, 0x0000000795580000)
  object space 87552K, 14% used [0x0000000740000000,0x0000000740cb6988,0x0000000745580000)
 Metaspace       used 20933K, capacity 21119K, committed 21296K, reserved 1069056K
  class space    used 2021K, capacity 2110K, committed 2176K, reserved 1048576K
Event: 28.152 GC heap after
Heap after GC invocations=6 (full 0):
 PSYoungGen      total 45056K, used 4944K [0x0000000795580000, 0x0000000799000000, 0x00000007c0000000)
  eden space 32256K, 0% used [0x0000000795580000,0x0000000795580000,0x0000000797500000)
  from space 12800K, 38% used [0x0000000798380000,0x0000000798854100,0x0000000799000000)
  to   space 13824K, 0% used [0x0000000797500000,0x0000000797500000,0x0000000798280000)
 ParOldGen       total 87552K, used 13018K [0x0000000740000000, 0x0000000745580000, 0x0000000795580000)
  object space 87552K, 14% used [0x0000000740000000,0x0000000740cb6988,0x0000000745580000)
 Metaspace       used 20933K, capacity 21119K, committed 21296K, reserved 1069056K
  class space    used 2021K, capacity 2110K, committed 2176K, reserved 1048576K
}
Event: 35.147 GC heap before
{Heap before GC invocations=7 (full 0):
 PSYoungGen      total 45056K, used 37200K [0x0000000795580000, 0x0000000799000000, 0x00000007c0000000)
  eden space 32256K, 100% used [0x0000000795580000,0x0000000797500000,0x0000000797500000)
  from space 12800K, 38% used [0x0000000798380000,0x0000000798854100,0x0000000799000000)
  to   space 13824K, 0% used [0x0000000797500000,0x0000000797500000,0x0000000798280000)
 ParOldGen       total 87552K, used 13018K [0x0000000740000000, 0x0000000745580000, 0x0000000795580000)
  object space 87552K, 14% used [0x0000000740000000,0x0000000740cb6988,0x0000000745580000)
 Metaspace       used 20943K, capacity 21119K, committed 21296K, reserved 1069056K
  class space    used 2021K, capacity 2110K, committed 2176K, reserved 1048576K
Event: 35.157 GC heap after
Heap after GC invocations=7 (full 0):
 PSYoungGen      total 35840K, used 3744K [0x0000000795580000, 0x0000000798f80000, 0x00000007c0000000)
  eden space 31744K, 0% used [0x0000000795580000,0x0000000795580000,0x0000000797480000)
  from space 4096K, 91% used [0x0000000797500000,0x00000007978a80e0,0x0000000797900000)
  to   space 13824K, 0% used [0x0000000798200000,0x0000000798200000,0x0000000798f80000)
 ParOldGen       total 87552K, used 14255K [0x0000000740000000, 0x0000000745580000, 0x0000000795580000)
  object space 87552K, 16% used [0x0000000740000000,0x0000000740debd38,0x0000000745580000)
 Metaspace       used 20943K, capacity 21119K, committed 21296K, reserved 1069056K
  class space    used 2021K, capacity 2110K, committed 2176K, reserved 1048576K
}
Event: 37.674 GC heap before
{Heap before GC invocations=8 (full 0):
 PSYoungGen      total 35840K, used 16249K [0x0000000795580000, 0x0000000798f80000, 0x00000007c0000000)
  eden space 31744K, 39% used [0x0000000795580000,0x00000007961b6390,0x0000000797480000)
  from space 4096K, 91% used [0x0000000797500000,0x00000007978a80e0,0x0000000797900000)
  to   space 13824K, 0% used [0x0000000798200000,0x0000000798200000,0x0000000798f80000)
 ParOldGen       total 87552K, used 14255K [0x0000000740000000, 0x0000000745580000, 0x0000000795580000)
  object space 87552K, 16% used [0x0000000740000000,0x0000000740debd38,0x0000000745580000)
 Metaspace       used 20962K, capacity 21119K, committed 21296K, reserved 1069056K
  class space    used 2025K, capacity 2110K, committed 2176K, reserved 1048576K
Event: 37.678 GC heap after
Heap after GC invocations=8 (full 0):
 PSYoungGen      total 45056K, used 160K [0x0000000795580000, 0x0000000799000000, 0x00000007c0000000)
  eden space 31232K, 0% used [0x0000000795580000,0x0000000795580000,0x0000000797400000)
  from space 13824K, 1% used [0x0000000798200000,0x0000000798228000,0x0000000798f80000)
  to   space 14336K, 0% used [0x0000000797400000,0x0000000797400000,0x0000000798200000)
 ParOldGen       total 87552K, used 17911K [0x0000000740000000, 0x0000000745580000, 0x0000000795580000)
  object space 87552K, 20% used [0x0000000740000000,0x000000074117de18,0x0000000745580000)
 Metaspace       used 20962K, capacity 21119K, committed 21296K, reserved 1069056K
  class space    used 2025K, capacity 2110K, committed 2176K, reserved 1048576K
}
Event: 37.678 GC heap before
{Heap before GC invocations=9 (full 1):
 PSYoungGen      total 45056K, used 160K [0x0000000795580000, 0x0000000799000000, 0x00000007c0000000)
  eden space 31232K, 0% used [0x0000000795580000,0x0000000795580000,0x0000000797400000)
  from space 13824K, 1% used [0x0000000798200000,0x0000000798228000,0x0000000798f80000)
  to   space 14336K, 0% used [0x0000000797400000,0x0000000797400000,0x0000000798200000)
 ParOldGen       total 87552K, used 17911K [0x0000000740000000, 0x0000000745580000, 0x0000000795580000)
  object space 87552K, 20% used [0x0000000740000000,0x000000074117de18,0x0000000745580000)
 Metaspace       used 20962K, capacity 21119K, committed 21296K, reserved 1069056K
  class space    used 2025K, capacity 2110K, committed 2176K, reserved 1048576K
Event: 37.730 GC heap after
Heap after GC invocations=9 (full 1):
 PSYoungGen      total 45056K, used 0K [0x0000000795580000, 0x0000000799000000, 0x00000007c0000000)
  eden space 31232K, 0% used [0x0000000795580000,0x0000000795580000,0x0000000797400000)
  from space 13824K, 0% used [0x0000000798200000,0x0000000798200000,0x0000000798f80000)
  to   space 14336K, 0% used [0x0000000797400000,0x0000000797400000,0x0000000798200000)
 ParOldGen       total 56320K, used 15720K [0x0000000740000000, 0x0000000743700000, 0x0000000795580000)
  object space 56320K, 27% used [0x0000000740000000,0x0000000740f5a3e8,0x0000000743700000)
 Metaspace       used 20962K, capacity 21119K, committed 21296K, reserved 1069056K
  class space    used 2025K, capacity 2110K, committed 2176K, reserved 1048576K
}

