# JRE version: Java(TM) SE Runtime Environment (8.0_65-b17) (build 1.8.0_65-b17)
# Java VM: Java HotSpot(TM) 64-Bit Server VM (25.65-b01 mixed mode bsd-amd64 compressed oops)
Heap:
 PSYoungGen      total 69632K, used 51834K [0x0000000795580000, 0x000000079ec80000, 0x00000007c0000000)
  eden space 64512K, 72% used [0x0000000795580000,0x000000079834be20,0x0000000799480000)
  from space 5120K, 96% used [0x000000079e780000,0x000000079ec52d90,0x000000079ec80000)
  to   space 15872K, 0% used [0x000000079cd80000,0x000000079cd80000,0x000000079dd00000)
 ParOldGen       total 87552K, used 20457K [0x0000000740000000, 0x0000000745580000, 0x0000000795580000)
  object space 87552K, 23% used [0x0000000740000000,0x00000007413fa7c0,0x0000000745580000)
 Metaspace       used 19038K, capacity 19203K, committed 19328K, reserved 1067008K
  class space    used 1866K, capacity 1918K, committed 1920K, reserved 1048576K
GC Heap History (10 events):
Event: 7.257 GC heap before
{Heap before GC invocations=2 (full 0):
 PSYoungGen      total 38400K, used 38185K [0x0000000795580000, 0x0000000798000000, 0x00000007c0000000)
  eden space 33280K, 100% used [0x0000000795580000,0x0000000797600000,0x0000000797600000)
  from space 5120K, 95% used [0x0000000797600000,0x0000000797aca7b0,0x0000000797b00000)
  to   space 5120K, 0% used [0x0000000797b00000,0x0000000797b00000,0x0000000798000000)
 ParOldGen       total 87552K, used 9K [0x0000000740000000, 0x0000000745580000, 0x0000000795580000)
  object space 87552K, 0% used [0x0000000740000000,0x0000000740002410,0x0000000745580000)
 Metaspace       used 18289K, capacity 18425K, committed 18560K, reserved 1067008K
  class space    used 1859K, capacity 1917K, committed 1920K, reserved 1048576K
Event: 7.285 GC heap after
Heap after GC invocations=2 (full 0):
 PSYoungGen      total 38400K, used 5111K [0x0000000795580000, 0x0000000798000000, 0x00000007c0000000)
  eden space 33280K, 0% used [0x0000000795580000,0x0000000795580000,0x0000000797600000)
  from space 5120K, 99% used [0x0000000797b00000,0x0000000797ffdc00,0x0000000798000000)
  to   space 5120K, 0% used [0x0000000797600000,0x0000000797600000,0x0000000797b00000)
 ParOldGen       total 87552K, used 9219K [0x0000000740000000, 0x0000000745580000, 0x0000000795580000)
  object space 87552K, 10% used [0x0000000740000000,0x0000000740900d48,0x0000000745580000)
 Metaspace       used 18289K, capacity 18425K, committed 18560K, reserved 1067008K
  class space    used 1859K, capacity 1917K, committed 1920K, reserved 1048576K
}
Event: 7.767 GC heap before
{Heap before GC invocations=3 (full 0):
 PSYoungGen      total 38400K, used 38391K [0x0000000795580000, 0x0000000798000000, 0x00000007c0000000)
  eden space 33280K, 100% used [0x0000000795580000,0x0000000797600000,0x0000000797600000)
  from space 5120K, 99% used [0x0000000797b00000,0x0000000797ffdc00,0x0000000798000000)
  to   space 5120K, 0% used [0x0000000797600000,0x0000000797600000,0x0000000797b00000)
 ParOldGen       total 87552K, used 10048K [0x0000000740000000, 0x0000000745580000, 0x0000000795580000)
  object space 87552K, 11% used [0x0000000740000000,0x00000007409d0138,0x0000000745580000)
 Metaspace       used 18333K, capacity 18553K, committed 18816K, reserved 1067008K
  class space    used 1859K, capacity 1917K, committed 1920K, reserved 1048576K
Event: 7.787 GC heap after
Heap after GC invocations=3 (full 0):
 PSYoungGen      total 38400K, used 5115K [0x0000000795580000, 0x000000079a080000, 0x00000007c0000000)
  eden space 33280K, 0% used [0x0000000795580000,0x0000000795580000,0x0000000797600000)
  from space 5120K, 99% used [0x0000000797600000,0x0000000797afedb0,0x0000000797b00000)
  to   space 5120K, 0% used [0x0000000799b80000,0x0000000799b80000,0x000000079a080000)
 ParOldGen       total 87552K, used 16601K [0x0000000740000000, 0x0000000745580000, 0x0000000795580000)
  object space 87552K, 18% used [0x0000000740000000,0x00000007410366d0,0x0000000745580000)
 Metaspace       used 18333K, capacity 18553K, committed 18816K, reserved 1067008K
  class space    used 1859K, capacity 1917K, committed 1920K, reserved 1048576K
}
Event: 11.236 GC heap before
{Heap before GC invocations=4 (full 0):
 PSYoungGen      total 38400K, used 38395K [0x0000000795580000, 0x000000079a080000, 0x00000007c0000000)
  eden space 33280K, 100% used [0x0000000795580000,0x0000000797600000,0x0000000797600000)
  from space 5120K, 99% used [0x0000000797600000,0x0000000797afedb0,0x0000000797b00000)
  to   space 5120K, 0% used [0x0000000799b80000,0x0000000799b80000,0x000000079a080000)
 ParOldGen       total 87552K, used 16601K [0x0000000740000000, 0x0000000745580000, 0x0000000795580000)
  object space 87552K, 18% used [0x0000000740000000,0x00000007410366d0,0x0000000745580000)
 Metaspace       used 18702K, capacity 18873K, committed 19072K, reserved 1067008K
  class space    used 1859K, capacity 1917K, committed 1920K, reserved 1048576K
Event: 11.264 GC heap after
Heap after GC invocations=4 (full 0):
 PSYoungGen      total 71680K, used 4971K [0x0000000795580000, 0x000000079a080000, 0x00000007c0000000)
  eden space 66560K, 0% used [0x0000000795580000,0x0000000795580000,0x0000000799680000)
  from space 5120K, 97% used [0x0000000799b80000,0x000000079a05ad90,0x000000079a080000)
  to   space 5120K, 0% used [0x0000000799680000,0x0000000799680000,0x0000000799b80000)
 ParOldGen       total 87552K, used 20449K [0x0000000740000000, 0x0000000745580000, 0x0000000795580000)
  object space 87552K, 23% used [0x0000000740000000,0x00000007413f87c0,0x0000000745580000)
 Metaspace       used 18702K, capacity 18873K, committed 19072K, reserved 1067008K
  class space    used 1859K, capacity 1917K, committed 1920K, reserved 1048576K
}
Event: 25.655 GC heap before
{Heap before GC invocations=5 (full 0):
 PSYoungGen      total 71680K, used 71531K [0x0000000795580000, 0x000000079a080000, 0x00000007c0000000)
  eden space 66560K, 100% used [0x0000000795580000,0x0000000799680000,0x0000000799680000)
  from space 5120K, 97% used [0x0000000799b80000,0x000000079a05ad90,0x000000079a080000)
  to   space 5120K, 0% used [0x0000000799680000,0x0000000799680000,0x0000000799b80000)
 ParOldGen       total 87552K, used 20449K [0x0000000740000000, 0x0000000745580000, 0x0000000795580000)
  object space 87552K, 23% used [0x0000000740000000,0x00000007413f87c0,0x0000000745580000)
 Metaspace       used 19001K, capacity 19203K, committed 19328K, reserved 1067008K
  class space    used 1859K, capacity 1918K, committed 1920K, reserved 1048576K
Event: 25.676 GC heap after
Heap after GC invocations=5 (full 0):
 PSYoungGen      total 71680K, used 4979K [0x0000000795580000, 0x000000079f780000, 0x00000007c0000000)
  eden space 66560K, 0% used [0x0000000795580000,0x0000000795580000,0x0000000799680000)
  from space 5120K, 97% used [0x0000000799680000,0x0000000799b5ccc0,0x0000000799b80000)
  to   space 16384K, 0% used [0x000000079e780000,0x000000079e780000,0x000000079f780000)
 ParOldGen       total 87552K, used 20449K [0x0000000740000000, 0x0000000745580000, 0x0000000795580000)
  object space 87552K, 23% used [0x0000000740000000,0x00000007413f87c0,0x0000000745580000)
 Metaspace       used 19001K, capacity 19203K, committed 19328K, reserved 1067008K
  class space    used 1859K, capacity 1918K, committed 1920K, reserved 1048576K
}
Event: 39.429 GC heap before
{Heap before GC invocations=6 (full 0):
 PSYoungGen      total 71680K, used 71539K [0x0000000795580000, 0x000000079f780000, 0x00000007c0000000)
  eden space 66560K, 100% used [0x0000000795580000,0x0000000799680000,0x0000000799680000)
  from space 5120K, 97% used [0x0000000799680000,0x0000000799b5ccc0,0x0000000799b80000)
  to   space 16384K, 0% used [0x000000079e780000,0x000000079e780000,0x000000079f780000)
 ParOldGen       total 87552K, used 20449K [0x0000000740000000, 0x0000000745580000, 0x0000000795580000)
  object space 87552K, 23% used [0x0000000740000000,0x00000007413f87c0,0x0000000745580000)
 Metaspace       used 19002K, capacity 19203K, committed 19328K, reserved 1067008K
  class space    used 1859K, capacity 1918K, committed 1920K, reserved 1048576K
Event: 39.445 GC heap after
Heap after GC invocations=6 (full 0):
 PSYoungGen      total 69632K, used 4939K [0x0000000795580000, 0x000000079ec80000, 0x00000007c0000000)
  eden space 64512K, 0% used [0x0000000795580000,0x0000000795580000,0x0000000799480000)
  from space 5120K, 96% used [0x000000079e780000,0x000000079ec52d90,0x000000079ec80000)
  to   space 15872K, 0% used [0x000000079cd80000,0x000000079cd80000,0x000000079dd00000)
 ParOldGen       total 87552K, used 20457K [0x0000000740000000, 0x0000000745580000, 0x0000000795580000)
  object space 87552K, 23% used [0x0000000740000000,0x00000007413fa7c0,0x0000000745580000)
 Metaspace       used 19002K, capacity 19203K, committed 19328K, reserved 1067008K
  class space    used 1859K, capacity 1918K, committed 1920K, reserved 1048576K
}

