# JRE version: Java(TM) SE Runtime Environment (8.0_65-b17) (build 1.8.0_65-b17)
# Java VM: Java HotSpot(TM) 64-Bit Server VM (25.65-b01 mixed mode bsd-amd64 compressed oops)
Heap:
 PSYoungGen      total 43520K, used 21090K [0x0000000795580000, 0x0000000799000000, 0x00000007c0000000)
  eden space 27136K, 62% used [0x0000000795580000,0x00000007965f8ac8,0x0000000797000000)
  from space 16384K, 25% used [0x0000000797000000,0x0000000797420110,0x0000000798000000)
  to   space 16384K, 0% used [0x0000000798000000,0x0000000798000000,0x0000000799000000)
 ParOldGen       total 75264K, used 24008K [0x0000000740000000, 0x0000000744980000, 0x0000000795580000)
  object space 75264K, 31% used [0x0000000740000000,0x00000007417720e0,0x0000000744980000)
 Metaspace       used 21275K, capacity 21471K, committed 21808K, reserved 1069056K
  class space    used 2052K, capacity 2112K, committed 2176K, reserved 1048576K
GC Heap History (10 events):
Event: 73.808 GC heap before
{Heap before GC invocations=24 (full 1):
 PSYoungGen      total 44032K, used 37152K [0x0000000795580000, 0x0000000799100000, 0x00000007c0000000)
  eden space 27136K, 100% used [0x0000000795580000,0x0000000797000000,0x0000000797000000)
  from space 16896K, 59% used [0x0000000798080000,0x0000000798a48260,0x0000000799100000)
  to   space 16896K, 0% used [0x0000000797000000,0x0000000797000000,0x0000000798080000)
 ParOldGen       total 75264K, used 16135K [0x0000000740000000, 0x0000000744980000, 0x0000000795580000)
  object space 75264K, 21% used [0x0000000740000000,0x0000000740fc1f00,0x0000000744980000)
 Metaspace       used 21215K, capacity 21407K, committed 21808K, reserved 1069056K
  class space    used 2043K, capacity 2112K, committed 2176K, reserved 1048576K
Event: 73.816 GC heap after
Heap after GC invocations=24 (full 1):
 PSYoungGen      total 44032K, used 9984K [0x0000000795580000, 0x0000000799100000, 0x00000007c0000000)
  eden space 27136K, 0% used [0x0000000795580000,0x0000000795580000,0x0000000797000000)
  from space 16896K, 59% used [0x0000000797000000,0x00000007979c0260,0x0000000798080000)
  to   space 16896K, 0% used [0x0000000798080000,0x0000000798080000,0x0000000799100000)
 ParOldGen       total 75264K, used 16175K [0x0000000740000000, 0x0000000744980000, 0x0000000795580000)
  object space 75264K, 21% used [0x0000000740000000,0x0000000740fcbf00,0x0000000744980000)
 Metaspace       used 21215K, capacity 21407K, committed 21808K, reserved 1069056K
  class space    used 2043K, capacity 2112K, committed 2176K, reserved 1048576K
}
Event: 77.335 GC heap before
{Heap before GC invocations=25 (full 1):
 PSYoungGen      total 44032K, used 37120K [0x0000000795580000, 0x0000000799100000, 0x00000007c0000000)
  eden space 27136K, 100% used [0x0000000795580000,0x0000000797000000,0x0000000797000000)
  from space 16896K, 59% used [0x0000000797000000,0x00000007979c0260,0x0000000798080000)
  to   space 16896K, 0% used [0x0000000798080000,0x0000000798080000,0x0000000799100000)
 ParOldGen       total 75264K, used 16175K [0x0000000740000000, 0x0000000744980000, 0x0000000795580000)
  object space 75264K, 21% used [0x0000000740000000,0x0000000740fcbf00,0x0000000744980000)
 Metaspace       used 21216K, capacity 21407K, committed 21808K, reserved 1069056K
  class space    used 2044K, capacity 2112K, committed 2176K, reserved 1048576K
Event: 77.342 GC heap after
Heap after GC invocations=25 (full 1):
 PSYoungGen      total 44032K, used 9952K [0x0000000795580000, 0x0000000799100000, 0x00000007c0000000)
  eden space 27136K, 0% used [0x0000000795580000,0x0000000795580000,0x0000000797000000)
  from space 16896K, 58% used [0x0000000798080000,0x0000000798a38260,0x0000000799100000)
  to   space 16896K, 0% used [0x0000000797000000,0x0000000797000000,0x0000000798080000)
 ParOldGen       total 75264K, used 16215K [0x0000000740000000, 0x0000000744980000, 0x0000000795580000)
  object space 75264K, 21% used [0x0000000740000000,0x0000000740fd5f00,0x0000000744980000)
 Metaspace       used 21216K, capacity 21407K, committed 21808K, reserved 1069056K
  class space    used 2044K, capacity 2112K, committed 2176K, reserved 1048576K
}
Event: 80.045 GC heap before
{Heap before GC invocations=26 (full 1):
 PSYoungGen      total 44032K, used 37088K [0x0000000795580000, 0x0000000799100000, 0x00000007c0000000)
  eden space 27136K, 100% used [0x0000000795580000,0x0000000797000000,0x0000000797000000)
  from space 16896K, 58% used [0x0000000798080000,0x0000000798a38260,0x0000000799100000)
  to   space 16896K, 0% used [0x0000000797000000,0x0000000797000000,0x0000000798080000)
 ParOldGen       total 75264K, used 16215K [0x0000000740000000, 0x0000000744980000, 0x0000000795580000)
  object space 75264K, 21% used [0x0000000740000000,0x0000000740fd5f00,0x0000000744980000)
 Metaspace       used 21237K, capacity 21471K, committed 21808K, reserved 1069056K
  class space    used 2044K, capacity 2112K, committed 2176K, reserved 1048576K
Event: 80.051 GC heap after
Heap after GC invocations=26 (full 1):
 PSYoungGen      total 44032K, used 11664K [0x0000000795580000, 0x0000000799200000, 0x00000007c0000000)
  eden space 27136K, 0% used [0x0000000795580000,0x0000000795580000,0x0000000797000000)
  from space 16896K, 69% used [0x0000000797000000,0x0000000797b642f0,0x0000000798080000)
  to   space 17408K, 0% used [0x0000000798100000,0x0000000798100000,0x0000000799200000)
 ParOldGen       total 75264K, used 16255K [0x0000000740000000, 0x0000000744980000, 0x0000000795580000)
  object space 75264K, 21% used [0x0000000740000000,0x0000000740fdff00,0x0000000744980000)
 Metaspace       used 21237K, capacity 21471K, committed 21808K, reserved 1069056K
  class space    used 2044K, capacity 2112K, committed 2176K, reserved 1048576K
}
Event: 82.507 GC heap before
{Heap before GC invocations=27 (full 1):
 PSYoungGen      total 44032K, used 38800K [0x0000000795580000, 0x0000000799200000, 0x00000007c0000000)
  eden space 27136K, 100% used [0x0000000795580000,0x0000000797000000,0x0000000797000000)
  from space 16896K, 69% used [0x0000000797000000,0x0000000797b642f0,0x0000000798080000)
  to   space 17408K, 0% used [0x0000000798100000,0x0000000798100000,0x0000000799200000)
 ParOldGen       total 75264K, used 16255K [0x0000000740000000, 0x0000000744980000, 0x0000000795580000)
  object space 75264K, 21% used [0x0000000740000000,0x0000000740fdff00,0x0000000744980000)
 Metaspace       used 21240K, capacity 21471K, committed 21808K, reserved 1069056K
  class space    used 2044K, capacity 2112K, committed 2176K, reserved 1048576K
Event: 82.513 GC heap after
Heap after GC invocations=27 (full 1):
 PSYoungGen      total 42496K, used 8096K [0x0000000795580000, 0x0000000799000000, 0x00000007c0000000)
  eden space 27136K, 0% used [0x0000000795580000,0x0000000795580000,0x0000000797000000)
  from space 15360K, 52% used [0x0000000798100000,0x00000007988e8200,0x0000000799000000)
  to   space 16384K, 0% used [0x0000000797000000,0x0000000797000000,0x0000000798000000)
 ParOldGen       total 75264K, used 20127K [0x0000000740000000, 0x0000000744980000, 0x0000000795580000)
  object space 75264K, 26% used [0x0000000740000000,0x00000007413a7ff0,0x0000000744980000)
 Metaspace       used 21240K, capacity 21471K, committed 21808K, reserved 1069056K
  class space    used 2044K, capacity 2112K, committed 2176K, reserved 1048576K
}
Event: 85.563 GC heap before
{Heap before GC invocations=28 (full 1):
 PSYoungGen      total 42496K, used 35232K [0x0000000795580000, 0x0000000799000000, 0x00000007c0000000)
  eden space 27136K, 100% used [0x0000000795580000,0x0000000797000000,0x0000000797000000)
  from space 15360K, 52% used [0x0000000798100000,0x00000007988e8200,0x0000000799000000)
  to   space 16384K, 0% used [0x0000000797000000,0x0000000797000000,0x0000000798000000)
 ParOldGen       total 75264K, used 20127K [0x0000000740000000, 0x0000000744980000, 0x0000000795580000)
  object space 75264K, 26% used [0x0000000740000000,0x00000007413a7ff0,0x0000000744980000)
 Metaspace       used 21240K, capacity 21471K, committed 21808K, reserved 1069056K
  class space    used 2044K, capacity 2112K, committed 2176K, reserved 1048576K
Event: 85.570 GC heap after
Heap after GC invocations=28 (full 1):
 PSYoungGen      total 43520K, used 4224K [0x0000000795580000, 0x0000000799000000, 0x00000007c0000000)
  eden space 27136K, 0% used [0x0000000795580000,0x0000000795580000,0x0000000797000000)
  from space 16384K, 25% used [0x0000000797000000,0x0000000797420110,0x0000000798000000)
  to   space 16384K, 0% used [0x0000000798000000,0x0000000798000000,0x0000000799000000)
 ParOldGen       total 75264K, used 24008K [0x0000000740000000, 0x0000000744980000, 0x0000000795580000)
  object space 75264K, 31% used [0x0000000740000000,0x00000007417720e0,0x0000000744980000)
 Metaspace       used 21240K, capacity 21471K, committed 21808K, reserved 1069056K
  class space    used 2044K, capacity 2112K, committed 2176K, reserved 1048576K
}

