# JRE version: Java(TM) SE Runtime Environment (8.0_65-b17) (build 1.8.0_65-b17)
# Java VM: Java HotSpot(TM) 64-Bit Server VM (25.65-b01 mixed mode bsd-amd64 compressed oops)
Heap:
 PSYoungGen      total 30208K, used 1313K [0x0000000795580000, 0x0000000798e80000, 0x00000007c0000000)
  eden space 29696K, 4% used [0x0000000795580000,0x00000007956c8728,0x0000000797280000)
  from space 512K, 0% used [0x0000000797300000,0x0000000797300000,0x0000000797380000)
  to   space 14336K, 0% used [0x0000000798080000,0x0000000798080000,0x0000000798e80000)
 ParOldGen       total 56320K, used 15973K [0x0000000740000000, 0x0000000743700000, 0x0000000795580000)
  object space 56320K, 28% used [0x0000000740000000,0x0000000740f996d8,0x0000000743700000)
 Metaspace       used 20994K, capacity 21203K, committed 21552K, reserved 1069056K
  class space    used 2046K, capacity 2112K, committed 2176K, reserved 1048576K
GC Heap History (10 events):
Event: 39.410 GC heap before
{Heap before GC invocations=8 (full 0):
 PSYoungGen      total 34816K, used 34492K [0x0000000795580000, 0x0000000799080000, 0x00000007c0000000)
  eden space 31744K, 100% used [0x0000000795580000,0x0000000797480000,0x0000000797480000)
  from space 3072K, 89% used [0x0000000797500000,0x00000007977af3d0,0x0000000797800000)
  to   space 14336K, 0% used [0x0000000798280000,0x0000000798280000,0x0000000799080000)
 ParOldGen       total 87552K, used 14242K [0x0000000740000000, 0x0000000745580000, 0x0000000795580000)
  object space 87552K, 16% used [0x0000000740000000,0x0000000740de8bb8,0x0000000745580000)
 Metaspace       used 20931K, capacity 21133K, committed 21296K, reserved 1069056K
  class space    used 2037K, capacity 2111K, committed 2176K, reserved 1048576K
Event: 39.414 GC heap after
Heap after GC invocations=8 (full 0):
 PSYoungGen      total 45568K, used 96K [0x0000000795580000, 0x0000000799100000, 0x00000007c0000000)
  eden space 31232K, 0% used [0x0000000795580000,0x0000000795580000,0x0000000797400000)
  from space 14336K, 0% used [0x0000000798280000,0x0000000798298000,0x0000000799080000)
  to   space 14848K, 0% used [0x0000000797400000,0x0000000797400000,0x0000000798280000)
 ParOldGen       total 87552K, used 16899K [0x0000000740000000, 0x0000000745580000, 0x0000000795580000)
  object space 87552K, 19% used [0x0000000740000000,0x0000000741080f98,0x0000000745580000)
 Metaspace       used 20931K, capacity 21133K, committed 21296K, reserved 1069056K
  class space    used 2037K, capacity 2111K, committed 2176K, reserved 1048576K
}
Event: 46.164 GC heap before
{Heap before GC invocations=9 (full 0):
 PSYoungGen      total 45568K, used 31328K [0x0000000795580000, 0x0000000799100000, 0x00000007c0000000)
  eden space 31232K, 100% used [0x0000000795580000,0x0000000797400000,0x0000000797400000)
  from space 14336K, 0% used [0x0000000798280000,0x0000000798298000,0x0000000799080000)
  to   space 14848K, 0% used [0x0000000797400000,0x0000000797400000,0x0000000798280000)
 ParOldGen       total 87552K, used 16899K [0x0000000740000000, 0x0000000745580000, 0x0000000795580000)
  object space 87552K, 19% used [0x0000000740000000,0x0000000741080f98,0x0000000745580000)
 Metaspace       used 20931K, capacity 21133K, committed 21296K, reserved 1069056K
  class space    used 2037K, capacity 2111K, committed 2176K, reserved 1048576K
Event: 46.166 GC heap after
Heap after GC invocations=9 (full 0):
 PSYoungGen      total 31232K, used 96K [0x0000000795580000, 0x0000000799080000, 0x00000007c0000000)
  eden space 30720K, 0% used [0x0000000795580000,0x0000000795580000,0x0000000797380000)
  from space 512K, 18% used [0x0000000797400000,0x0000000797418000,0x0000000797480000)
  to   space 14848K, 0% used [0x0000000798200000,0x0000000798200000,0x0000000799080000)
 ParOldGen       total 87552K, used 16923K [0x0000000740000000, 0x0000000745580000, 0x0000000795580000)
  object space 87552K, 19% used [0x0000000740000000,0x0000000741086f98,0x0000000745580000)
 Metaspace       used 20931K, capacity 21133K, committed 21296K, reserved 1069056K
  class space    used 2037K, capacity 2111K, committed 2176K, reserved 1048576K
}
Event: 52.816 GC heap before
{Heap before GC invocations=10 (full 0):
 PSYoungGen      total 31232K, used 30816K [0x0000000795580000, 0x0000000799080000, 0x00000007c0000000)
  eden space 30720K, 100% used [0x0000000795580000,0x0000000797380000,0x0000000797380000)
  from space 512K, 18% used [0x0000000797400000,0x0000000797418000,0x0000000797480000)
  to   space 14848K, 0% used [0x0000000798200000,0x0000000798200000,0x0000000799080000)
 ParOldGen       total 87552K, used 16923K [0x0000000740000000, 0x0000000745580000, 0x0000000795580000)
  object space 87552K, 19% used [0x0000000740000000,0x0000000741086f98,0x0000000745580000)
 Metaspace       used 20931K, capacity 21133K, committed 21296K, reserved 1069056K
  class space    used 2037K, capacity 2111K, committed 2176K, reserved 1048576K
Event: 52.817 GC heap after
Heap after GC invocations=10 (full 0):
 PSYoungGen      total 44544K, used 96K [0x0000000795580000, 0x0000000799000000, 0x00000007c0000000)
  eden space 30208K, 0% used [0x0000000795580000,0x0000000795580000,0x0000000797300000)
  from space 14336K, 0% used [0x0000000798200000,0x0000000798218000,0x0000000799000000)
  to   space 14848K, 0% used [0x0000000797300000,0x0000000797300000,0x0000000798180000)
 ParOldGen       total 87552K, used 16931K [0x0000000740000000, 0x0000000745580000, 0x0000000795580000)
  object space 87552K, 19% used [0x0000000740000000,0x0000000741088f98,0x0000000745580000)
 Metaspace       used 20931K, capacity 21133K, committed 21296K, reserved 1069056K
  class space    used 2037K, capacity 2111K, committed 2176K, reserved 1048576K
}
Event: 58.785 GC heap before
{Heap before GC invocations=11 (full 0):
 PSYoungGen      total 44544K, used 28963K [0x0000000795580000, 0x0000000799000000, 0x00000007c0000000)
  eden space 30208K, 95% used [0x0000000795580000,0x00000007971b0e58,0x0000000797300000)
  from space 14336K, 0% used [0x0000000798200000,0x0000000798218000,0x0000000799000000)
  to   space 14848K, 0% used [0x0000000797300000,0x0000000797300000,0x0000000798180000)
 ParOldGen       total 87552K, used 16931K [0x0000000740000000, 0x0000000745580000, 0x0000000795580000)
  object space 87552K, 19% used [0x0000000740000000,0x0000000741088f98,0x0000000745580000)
 Metaspace       used 20989K, capacity 21139K, committed 21296K, reserved 1069056K
  class space    used 2043K, capacity 2112K, committed 2176K, reserved 1048576K
Event: 58.787 GC heap after
Heap after GC invocations=11 (full 0):
 PSYoungGen      total 30208K, used 96K [0x0000000795580000, 0x0000000798e80000, 0x00000007c0000000)
  eden space 29696K, 0% used [0x0000000795580000,0x0000000795580000,0x0000000797280000)
  from space 512K, 18% used [0x0000000797300000,0x0000000797318000,0x0000000797380000)
  to   space 14336K, 0% used [0x0000000798080000,0x0000000798080000,0x0000000798e80000)
 ParOldGen       total 87552K, used 16947K [0x0000000740000000, 0x0000000745580000, 0x0000000795580000)
  object space 87552K, 19% used [0x0000000740000000,0x000000074108cf98,0x0000000745580000)
 Metaspace       used 20989K, capacity 21139K, committed 21296K, reserved 1069056K
  class space    used 2043K, capacity 2112K, committed 2176K, reserved 1048576K
}
Event: 58.787 GC heap before
{Heap before GC invocations=12 (full 1):
 PSYoungGen      total 30208K, used 96K [0x0000000795580000, 0x0000000798e80000, 0x00000007c0000000)
  eden space 29696K, 0% used [0x0000000795580000,0x0000000795580000,0x0000000797280000)
  from space 512K, 18% used [0x0000000797300000,0x0000000797318000,0x0000000797380000)
  to   space 14336K, 0% used [0x0000000798080000,0x0000000798080000,0x0000000798e80000)
 ParOldGen       total 87552K, used 16947K [0x0000000740000000, 0x0000000745580000, 0x0000000795580000)
  object space 87552K, 19% used [0x0000000740000000,0x000000074108cf98,0x0000000745580000)
 Metaspace       used 20989K, capacity 21139K, committed 21296K, reserved 1069056K
  class space    used 2043K, capacity 2112K, committed 2176K, reserved 1048576K
Event: 58.845 GC heap after
Heap after GC invocations=12 (full 1):
 PSYoungGen      total 30208K, used 0K [0x0000000795580000, 0x0000000798e80000, 0x00000007c0000000)
  eden space 29696K, 0% used [0x0000000795580000,0x0000000795580000,0x0000000797280000)
  from space 512K, 0% used [0x0000000797300000,0x0000000797300000,0x0000000797380000)
  to   space 14336K, 0% used [0x0000000798080000,0x0000000798080000,0x0000000798e80000)
 ParOldGen       total 56320K, used 15973K [0x0000000740000000, 0x0000000743700000, 0x0000000795580000)
  object space 56320K, 28% used [0x0000000740000000,0x0000000740f996d8,0x0000000743700000)
 Metaspace       used 20989K, capacity 21139K, committed 21296K, reserved 1069056K
  class space    used 2043K, capacity 2112K, committed 2176K, reserved 1048576K
}

