# JRE version: Java(TM) SE Runtime Environment (8.0_65-b17) (build 1.8.0_65-b17)
# Java VM: Java HotSpot(TM) 64-Bit Server VM (25.65-b01 mixed mode bsd-amd64 compressed oops)
Heap:
 PSYoungGen      total 19456K, used 12753K [0x0000000795580000, 0x0000000796980000, 0x00000007c0000000)
  eden space 18944K, 66% used [0x0000000795580000,0x00000007961e44f0,0x0000000796800000)
  from space 512K, 12% used [0x0000000796880000,0x0000000796890000,0x0000000796900000)
  to   space 512K, 0% used [0x0000000796900000,0x0000000796900000,0x0000000796980000)
 ParOldGen       total 59392K, used 47642K [0x0000000740000000, 0x0000000743a00000, 0x0000000795580000)
  object space 59392K, 80% used [0x0000000740000000,0x0000000742e86bc8,0x0000000743a00000)
 Metaspace       used 21319K, capacity 21467K, committed 21808K, reserved 1069056K
  class space    used 2049K, capacity 2112K, committed 2176K, reserved 1048576K
GC Heap History (10 events):
Event: 850.191 GC heap before
{Heap before GC invocations=204 (full 1):
 PSYoungGen      total 19456K, used 19040K [0x0000000795580000, 0x0000000796980000, 0x00000007c0000000)
  eden space 18944K, 100% used [0x0000000795580000,0x0000000796800000,0x0000000796800000)
  from space 512K, 18% used [0x0000000796900000,0x0000000796918000,0x0000000796980000)
  to   space 512K, 0% used [0x0000000796880000,0x0000000796880000,0x0000000796900000)
 ParOldGen       total 59392K, used 47626K [0x0000000740000000, 0x0000000743a00000, 0x0000000795580000)
  object space 59392K, 80% used [0x0000000740000000,0x0000000742e82bc8,0x0000000743a00000)
 Metaspace       used 21210K, capacity 21403K, committed 21808K, reserved 1069056K
  class space    used 2041K, capacity 2112K, committed 2176K, reserved 1048576K
Event: 850.195 GC heap after
Heap after GC invocations=204 (full 1):
 PSYoungGen      total 19456K, used 64K [0x0000000795580000, 0x0000000796980000, 0x00000007c0000000)
  eden space 18944K, 0% used [0x0000000795580000,0x0000000795580000,0x0000000796800000)
  from space 512K, 12% used [0x0000000796880000,0x0000000796890000,0x0000000796900000)
  to   space 512K, 0% used [0x0000000796900000,0x0000000796900000,0x0000000796980000)
 ParOldGen       total 59392K, used 47626K [0x0000000740000000, 0x0000000743a00000, 0x0000000795580000)
  object space 59392K, 80% used [0x0000000740000000,0x0000000742e82bc8,0x0000000743a00000)
 Metaspace       used 21210K, capacity 21403K, committed 21808K, reserved 1069056K
  class space    used 2041K, capacity 2112K, committed 2176K, reserved 1048576K
}
Event: 854.310 GC heap before
{Heap before GC invocations=205 (full 1):
 PSYoungGen      total 19456K, used 19008K [0x0000000795580000, 0x0000000796980000, 0x00000007c0000000)
  eden space 18944K, 100% used [0x0000000795580000,0x0000000796800000,0x0000000796800000)
  from space 512K, 12% used [0x0000000796880000,0x0000000796890000,0x0000000796900000)
  to   space 512K, 0% used [0x0000000796900000,0x0000000796900000,0x0000000796980000)
 ParOldGen       total 59392K, used 47626K [0x0000000740000000, 0x0000000743a00000, 0x0000000795580000)
  object space 59392K, 80% used [0x0000000740000000,0x0000000742e82bc8,0x0000000743a00000)
 Metaspace       used 21210K, capacity 21403K, committed 21808K, reserved 1069056K
  class space    used 2041K, capacity 2112K, committed 2176K, reserved 1048576K
Event: 854.313 GC heap after
Heap after GC invocations=205 (full 1):
 PSYoungGen      total 19456K, used 128K [0x0000000795580000, 0x0000000796980000, 0x00000007c0000000)
  eden space 18944K, 0% used [0x0000000795580000,0x0000000795580000,0x0000000796800000)
  from space 512K, 25% used [0x0000000796900000,0x0000000796920000,0x0000000796980000)
  to   space 512K, 0% used [0x0000000796880000,0x0000000796880000,0x0000000796900000)
 ParOldGen       total 59392K, used 47626K [0x0000000740000000, 0x0000000743a00000, 0x0000000795580000)
  object space 59392K, 80% used [0x0000000740000000,0x0000000742e82bc8,0x0000000743a00000)
 Metaspace       used 21210K, capacity 21403K, committed 21808K, reserved 1069056K
  class space    used 2041K, capacity 2112K, committed 2176K, reserved 1048576K
}
Event: 858.430 GC heap before
{Heap before GC invocations=206 (full 1):
 PSYoungGen      total 19456K, used 19072K [0x0000000795580000, 0x0000000796980000, 0x00000007c0000000)
  eden space 18944K, 100% used [0x0000000795580000,0x0000000796800000,0x0000000796800000)
  from space 512K, 25% used [0x0000000796900000,0x0000000796920000,0x0000000796980000)
  to   space 512K, 0% used [0x0000000796880000,0x0000000796880000,0x0000000796900000)
 ParOldGen       total 59392K, used 47626K [0x0000000740000000, 0x0000000743a00000, 0x0000000795580000)
  object space 59392K, 80% used [0x0000000740000000,0x0000000742e82bc8,0x0000000743a00000)
 Metaspace       used 21210K, capacity 21403K, committed 21808K, reserved 1069056K
  class space    used 2041K, capacity 2112K, committed 2176K, reserved 1048576K
Event: 858.432 GC heap after
Heap after GC invocations=206 (full 1):
 PSYoungGen      total 19456K, used 32K [0x0000000795580000, 0x0000000796980000, 0x00000007c0000000)
  eden space 18944K, 0% used [0x0000000795580000,0x0000000795580000,0x0000000796800000)
  from space 512K, 6% used [0x0000000796880000,0x0000000796888000,0x0000000796900000)
  to   space 512K, 0% used [0x0000000796900000,0x0000000796900000,0x0000000796980000)
 ParOldGen       total 59392K, used 47626K [0x0000000740000000, 0x0000000743a00000, 0x0000000795580000)
  object space 59392K, 80% used [0x0000000740000000,0x0000000742e82bc8,0x0000000743a00000)
 Metaspace       used 21210K, capacity 21403K, committed 21808K, reserved 1069056K
  class space    used 2041K, capacity 2112K, committed 2176K, reserved 1048576K
}
Event: 862.779 GC heap before
{Heap before GC invocations=207 (full 1):
 PSYoungGen      total 19456K, used 18976K [0x0000000795580000, 0x0000000796980000, 0x00000007c0000000)
  eden space 18944K, 100% used [0x0000000795580000,0x0000000796800000,0x0000000796800000)
  from space 512K, 6% used [0x0000000796880000,0x0000000796888000,0x0000000796900000)
  to   space 512K, 0% used [0x0000000796900000,0x0000000796900000,0x0000000796980000)
 ParOldGen       total 59392K, used 47626K [0x0000000740000000, 0x0000000743a00000, 0x0000000795580000)
  object space 59392K, 80% used [0x0000000740000000,0x0000000742e82bc8,0x0000000743a00000)
 Metaspace       used 21251K, capacity 21403K, committed 21808K, reserved 1069056K
  class space    used 2041K, capacity 2112K, committed 2176K, reserved 1048576K
Event: 862.782 GC heap after
Heap after GC invocations=207 (full 1):
 PSYoungGen      total 19456K, used 96K [0x0000000795580000, 0x0000000796980000, 0x00000007c0000000)
  eden space 18944K, 0% used [0x0000000795580000,0x0000000795580000,0x0000000796800000)
  from space 512K, 18% used [0x0000000796900000,0x0000000796918000,0x0000000796980000)
  to   space 512K, 0% used [0x0000000796880000,0x0000000796880000,0x0000000796900000)
 ParOldGen       total 59392K, used 47634K [0x0000000740000000, 0x0000000743a00000, 0x0000000795580000)
  object space 59392K, 80% used [0x0000000740000000,0x0000000742e84bc8,0x0000000743a00000)
 Metaspace       used 21251K, capacity 21403K, committed 21808K, reserved 1069056K
  class space    used 2041K, capacity 2112K, committed 2176K, reserved 1048576K
}
Event: 867.281 GC heap before
{Heap before GC invocations=208 (full 1):
 PSYoungGen      total 19456K, used 19040K [0x0000000795580000, 0x0000000796980000, 0x00000007c0000000)
  eden space 18944K, 100% used [0x0000000795580000,0x0000000796800000,0x0000000796800000)
  from space 512K, 18% used [0x0000000796900000,0x0000000796918000,0x0000000796980000)
  to   space 512K, 0% used [0x0000000796880000,0x0000000796880000,0x0000000796900000)
 ParOldGen       total 59392K, used 47634K [0x0000000740000000, 0x0000000743a00000, 0x0000000795580000)
  object space 59392K, 80% used [0x0000000740000000,0x0000000742e84bc8,0x0000000743a00000)
 Metaspace       used 21265K, capacity 21467K, committed 21808K, reserved 1069056K
  class space    used 2041K, capacity 2112K, committed 2176K, reserved 1048576K
Event: 867.295 GC heap after
Heap after GC invocations=208 (full 1):
 PSYoungGen      total 19456K, used 64K [0x0000000795580000, 0x0000000796980000, 0x00000007c0000000)
  eden space 18944K, 0% used [0x0000000795580000,0x0000000795580000,0x0000000796800000)
  from space 512K, 12% used [0x0000000796880000,0x0000000796890000,0x0000000796900000)
  to   space 512K, 0% used [0x0000000796900000,0x0000000796900000,0x0000000796980000)
 ParOldGen       total 59392K, used 47642K [0x0000000740000000, 0x0000000743a00000, 0x0000000795580000)
  object space 59392K, 80% used [0x0000000740000000,0x0000000742e86bc8,0x0000000743a00000)
 Metaspace       used 21265K, capacity 21467K, committed 21808K, reserved 1069056K
  class space    used 2041K, capacity 2112K, committed 2176K, reserved 1048576K
}

