# JRE version: Java(TM) SE Runtime Environment (8.0_65-b17) (build 1.8.0_65-b17)
# Java VM: Java HotSpot(TM) 64-Bit Server VM (25.65-b01 mixed mode bsd-amd64 compressed oops)
Heap:
 PSYoungGen      total 83456K, used 40938K [0x0000000795580000, 0x000000079f680000, 0x00000007c0000000)
  eden space 65024K, 52% used [0x0000000795580000,0x000000079770b400,0x0000000799500000)
  from space 18432K, 35% used [0x000000079a680000,0x000000079acef480,0x000000079b880000)
  to   space 17920K, 0% used [0x0000000799500000,0x0000000799500000,0x000000079a680000)
 ParOldGen       total 87552K, used 24622K [0x0000000740000000, 0x0000000745580000, 0x0000000795580000)
  object space 87552K, 28% used [0x0000000740000000,0x000000074180b840,0x0000000745580000)
 Metaspace       used 21191K, capacity 21395K, committed 21552K, reserved 1069056K
  class space    used 2050K, capacity 2112K, committed 2176K, reserved 1048576K
GC Heap History (10 events):
Event: 3.778 GC heap before
{Heap before GC invocations=2 (full 0):
 PSYoungGen      total 38400K, used 38106K [0x0000000795580000, 0x0000000798000000, 0x00000007c0000000)
  eden space 33280K, 99% used [0x0000000795580000,0x00000007975e4960,0x0000000797600000)
  from space 5120K, 96% used [0x0000000797600000,0x0000000797ad2208,0x0000000797b00000)
  to   space 5120K, 0% used [0x0000000797b00000,0x0000000797b00000,0x0000000798000000)
 ParOldGen       total 87552K, used 8K [0x0000000740000000, 0x0000000745580000, 0x0000000795580000)
  object space 87552K, 0% used [0x0000000740000000,0x0000000740002000,0x0000000745580000)
 Metaspace       used 18655K, capacity 18819K, committed 18944K, reserved 1067008K
  class space    used 1914K, capacity 1982K, committed 2048K, reserved 1048576K
Event: 3.801 GC heap after
Heap after GC invocations=2 (full 0):
 PSYoungGen      total 38400K, used 5096K [0x0000000795580000, 0x000000079a080000, 0x00000007c0000000)
  eden space 33280K, 0% used [0x0000000795580000,0x0000000795580000,0x0000000797600000)
  from space 5120K, 99% used [0x0000000797b00000,0x0000000797ffa010,0x0000000798000000)
  to   space 5120K, 0% used [0x0000000797600000,0x0000000797600000,0x0000000797b00000)
 ParOldGen       total 87552K, used 1711K [0x0000000740000000, 0x0000000745580000, 0x0000000795580000)
  object space 87552K, 1% used [0x0000000740000000,0x00000007401abed0,0x0000000745580000)
 Metaspace       used 18655K, capacity 18819K, committed 18944K, reserved 1067008K
  class space    used 1914K, capacity 1982K, committed 2048K, reserved 1048576K
}
Event: 4.838 GC heap before
{Heap before GC invocations=3 (full 0):
 PSYoungGen      total 38400K, used 38376K [0x0000000795580000, 0x000000079a080000, 0x00000007c0000000)
  eden space 33280K, 100% used [0x0000000795580000,0x0000000797600000,0x0000000797600000)
  from space 5120K, 99% used [0x0000000797b00000,0x0000000797ffa010,0x0000000798000000)
  to   space 5120K, 0% used [0x0000000797600000,0x0000000797600000,0x0000000797b00000)
 ParOldGen       total 87552K, used 1711K [0x0000000740000000, 0x0000000745580000, 0x0000000795580000)
  object space 87552K, 1% used [0x0000000740000000,0x00000007401abed0,0x0000000745580000)
 Metaspace       used 20310K, capacity 20493K, committed 20608K, reserved 1067008K
  class space    used 2040K, capacity 2111K, committed 2176K, reserved 1048576K
Event: 4.854 GC heap after
Heap after GC invocations=3 (full 0):
 PSYoungGen      total 38400K, used 5101K [0x0000000795580000, 0x000000079a080000, 0x00000007c0000000)
  eden space 33280K, 0% used [0x0000000795580000,0x0000000795580000,0x0000000797600000)
  from space 5120K, 99% used [0x0000000797600000,0x0000000797afb410,0x0000000797b00000)
  to   space 5120K, 0% used [0x0000000799b80000,0x0000000799b80000,0x000000079a080000)
 ParOldGen       total 87552K, used 9577K [0x0000000740000000, 0x0000000745580000, 0x0000000795580000)
  object space 87552K, 10% used [0x0000000740000000,0x000000074095a470,0x0000000745580000)
 Metaspace       used 20310K, capacity 20493K, committed 20608K, reserved 1067008K
  class space    used 2040K, capacity 2111K, committed 2176K, reserved 1048576K
}
Event: 8.848 GC heap before
{Heap before GC invocations=4 (full 0):
 PSYoungGen      total 38400K, used 38329K [0x0000000795580000, 0x000000079a080000, 0x00000007c0000000)
  eden space 33280K, 99% used [0x0000000795580000,0x00000007975f3338,0x0000000797600000)
  from space 5120K, 99% used [0x0000000797600000,0x0000000797afb410,0x0000000797b00000)
  to   space 5120K, 0% used [0x0000000799b80000,0x0000000799b80000,0x000000079a080000)
 ParOldGen       total 87552K, used 9577K [0x0000000740000000, 0x0000000745580000, 0x0000000795580000)
  object space 87552K, 10% used [0x0000000740000000,0x000000074095a470,0x0000000745580000)
 Metaspace       used 20747K, capacity 20947K, committed 21120K, reserved 1069056K
  class space    used 2042K, capacity 2112K, committed 2176K, reserved 1048576K
Event: 8.867 GC heap after
Heap after GC invocations=4 (full 0):
 PSYoungGen      total 71680K, used 5037K [0x0000000795580000, 0x000000079a080000, 0x00000007c0000000)
  eden space 66560K, 0% used [0x0000000795580000,0x0000000795580000,0x0000000799680000)
  from space 5120K, 98% used [0x0000000799b80000,0x000000079a06b400,0x000000079a080000)
  to   space 5120K, 0% used [0x0000000799680000,0x0000000799680000,0x0000000799b80000)
 ParOldGen       total 87552K, used 13425K [0x0000000740000000, 0x0000000745580000, 0x0000000795580000)
  object space 87552K, 15% used [0x0000000740000000,0x0000000740d1c560,0x0000000745580000)
 Metaspace       used 20747K, capacity 20947K, committed 21120K, reserved 1069056K
  class space    used 2042K, capacity 2112K, committed 2176K, reserved 1048576K
}
Event: 12.330 GC heap before
{Heap before GC invocations=5 (full 0):
 PSYoungGen      total 71680K, used 71450K [0x0000000795580000, 0x000000079a080000, 0x00000007c0000000)
  eden space 66560K, 99% used [0x0000000795580000,0x000000079965b4c0,0x0000000799680000)
  from space 5120K, 98% used [0x0000000799b80000,0x000000079a06b400,0x000000079a080000)
  to   space 5120K, 0% used [0x0000000799680000,0x0000000799680000,0x0000000799b80000)
 ParOldGen       total 87552K, used 13425K [0x0000000740000000, 0x0000000745580000, 0x0000000795580000)
  object space 87552K, 15% used [0x0000000740000000,0x0000000740d1c560,0x0000000745580000)
 Metaspace       used 20947K, capacity 21139K, committed 21296K, reserved 1069056K
  class space    used 2042K, capacity 2112K, committed 2176K, reserved 1048576K
Event: 12.348 GC heap after
Heap after GC invocations=5 (full 0):
 PSYoungGen      total 69632K, used 5117K [0x0000000795580000, 0x000000079b880000, 0x00000007c0000000)
  eden space 64512K, 0% used [0x0000000795580000,0x0000000795580000,0x0000000799480000)
  from space 5120K, 99% used [0x0000000799680000,0x0000000799b7f420,0x0000000799b80000)
  to   space 18432K, 0% used [0x000000079a680000,0x000000079a680000,0x000000079b880000)
 ParOldGen       total 87552K, used 24622K [0x0000000740000000, 0x0000000745580000, 0x0000000795580000)
  object space 87552K, 28% used [0x0000000740000000,0x000000074180b840,0x0000000745580000)
 Metaspace       used 20947K, capacity 21139K, committed 21296K, reserved 1069056K
  class space    used 2042K, capacity 2112K, committed 2176K, reserved 1048576K
}
Event: 12.434 GC heap before
{Heap before GC invocations=6 (full 0):
 PSYoungGen      total 69632K, used 10654K [0x0000000795580000, 0x000000079b880000, 0x00000007c0000000)
  eden space 64512K, 8% used [0x0000000795580000,0x0000000795ae8748,0x0000000799480000)
  from space 5120K, 99% used [0x0000000799680000,0x0000000799b7f420,0x0000000799b80000)
  to   space 18432K, 0% used [0x000000079a680000,0x000000079a680000,0x000000079b880000)
 ParOldGen       total 87552K, used 24622K [0x0000000740000000, 0x0000000745580000, 0x0000000795580000)
  object space 87552K, 28% used [0x0000000740000000,0x000000074180b840,0x0000000745580000)
 Metaspace       used 20963K, capacity 21203K, committed 21552K, reserved 1069056K
  class space    used 2042K, capacity 2112K, committed 2176K, reserved 1048576K
Event: 12.447 GC heap after
Heap after GC invocations=6 (full 0):
 PSYoungGen      total 83456K, used 6589K [0x0000000795580000, 0x000000079f680000, 0x00000007c0000000)
  eden space 65024K, 0% used [0x0000000795580000,0x0000000795580000,0x0000000799500000)
  from space 18432K, 35% used [0x000000079a680000,0x000000079acef480,0x000000079b880000)
  to   space 17920K, 0% used [0x0000000799500000,0x0000000799500000,0x000000079a680000)
 ParOldGen       total 87552K, used 24622K [0x0000000740000000, 0x0000000745580000, 0x0000000795580000)
  object space 87552K, 28% used [0x0000000740000000,0x000000074180b840,0x0000000745580000)
 Metaspace       used 20963K, capacity 21203K, committed 21552K, reserved 1069056K
  class space    used 2042K, capacity 2112K, committed 2176K, reserved 1048576K
}

