# JRE version: Java(TM) SE Runtime Environment (8.0_65-b17) (build 1.8.0_65-b17)
# Java VM: Java HotSpot(TM) 64-Bit Server VM (25.65-b01 mixed mode bsd-amd64 compressed oops)
Heap:
 PSYoungGen      total 40448K, used 7645K [0x0000000795580000, 0x0000000798b00000, 0x00000007c0000000)
  eden space 28160K, 26% used [0x0000000795580000,0x0000000795cd74e0,0x0000000797100000)
  from space 12288K, 1% used [0x0000000797f00000,0x0000000797f20000,0x0000000798b00000)
  to   space 13312K, 0% used [0x0000000797100000,0x0000000797100000,0x0000000797e00000)
 ParOldGen       total 87552K, used 17297K [0x0000000740000000, 0x0000000745580000, 0x0000000795580000)
  object space 87552K, 19% used [0x0000000740000000,0x00000007410e4638,0x0000000745580000)
 Metaspace       used 20977K, capacity 21123K, committed 21296K, reserved 1069056K
  class space    used 2031K, capacity 2110K, committed 2176K, reserved 1048576K
GC Heap History (10 events):
Event: 62.871 GC heap before
{Heap before GC invocations=10 (full 0):
 PSYoungGen      total 31232K, used 30816K [0x0000000795580000, 0x0000000799080000, 0x00000007c0000000)
  eden space 30720K, 100% used [0x0000000795580000,0x0000000797380000,0x0000000797380000)
  from space 512K, 18% used [0x0000000797400000,0x0000000797418000,0x0000000797480000)
  to   space 14848K, 0% used [0x0000000798200000,0x0000000798200000,0x0000000799080000)
 ParOldGen       total 87552K, used 17185K [0x0000000740000000, 0x0000000745580000, 0x0000000795580000)
  object space 87552K, 19% used [0x0000000740000000,0x00000007410c8638,0x0000000745580000)
 Metaspace       used 20948K, capacity 21123K, committed 21296K, reserved 1069056K
  class space    used 2024K, capacity 2110K, committed 2176K, reserved 1048576K
Event: 62.873 GC heap after
Heap after GC invocations=10 (full 0):
 PSYoungGen      total 44544K, used 128K [0x0000000795580000, 0x0000000799000000, 0x00000007c0000000)
  eden space 30208K, 0% used [0x0000000795580000,0x0000000795580000,0x0000000797300000)
  from space 14336K, 0% used [0x0000000798200000,0x0000000798220000,0x0000000799000000)
  to   space 14848K, 0% used [0x0000000797300000,0x0000000797300000,0x0000000798180000)
 ParOldGen       total 87552K, used 17209K [0x0000000740000000, 0x0000000745580000, 0x0000000795580000)
  object space 87552K, 19% used [0x0000000740000000,0x00000007410ce638,0x0000000745580000)
 Metaspace       used 20948K, capacity 21123K, committed 21296K, reserved 1069056K
  class space    used 2024K, capacity 2110K, committed 2176K, reserved 1048576K
}
Event: 70.410 GC heap before
{Heap before GC invocations=11 (full 0):
 PSYoungGen      total 44544K, used 30336K [0x0000000795580000, 0x0000000799000000, 0x00000007c0000000)
  eden space 30208K, 100% used [0x0000000795580000,0x0000000797300000,0x0000000797300000)
  from space 14336K, 0% used [0x0000000798200000,0x0000000798220000,0x0000000799000000)
  to   space 14848K, 0% used [0x0000000797300000,0x0000000797300000,0x0000000798180000)
 ParOldGen       total 87552K, used 17209K [0x0000000740000000, 0x0000000745580000, 0x0000000795580000)
  object space 87552K, 19% used [0x0000000740000000,0x00000007410ce638,0x0000000745580000)
 Metaspace       used 20948K, capacity 21123K, committed 21296K, reserved 1069056K
  class space    used 2024K, capacity 2110K, committed 2176K, reserved 1048576K
Event: 70.412 GC heap after
Heap after GC invocations=11 (full 0):
 PSYoungGen      total 30208K, used 128K [0x0000000795580000, 0x0000000798e80000, 0x00000007c0000000)
  eden space 29696K, 0% used [0x0000000795580000,0x0000000795580000,0x0000000797280000)
  from space 512K, 25% used [0x0000000797300000,0x0000000797320000,0x0000000797380000)
  to   space 14336K, 0% used [0x0000000798080000,0x0000000798080000,0x0000000798e80000)
 ParOldGen       total 87552K, used 17241K [0x0000000740000000, 0x0000000745580000, 0x0000000795580000)
  object space 87552K, 19% used [0x0000000740000000,0x00000007410d6638,0x0000000745580000)
 Metaspace       used 20948K, capacity 21123K, committed 21296K, reserved 1069056K
  class space    used 2024K, capacity 2110K, committed 2176K, reserved 1048576K
}
Event: 77.897 GC heap before
{Heap before GC invocations=12 (full 0):
 PSYoungGen      total 30208K, used 29824K [0x0000000795580000, 0x0000000798e80000, 0x00000007c0000000)
  eden space 29696K, 100% used [0x0000000795580000,0x0000000797280000,0x0000000797280000)
  from space 512K, 25% used [0x0000000797300000,0x0000000797320000,0x0000000797380000)
  to   space 14336K, 0% used [0x0000000798080000,0x0000000798080000,0x0000000798e80000)
 ParOldGen       total 87552K, used 17241K [0x0000000740000000, 0x0000000745580000, 0x0000000795580000)
  object space 87552K, 19% used [0x0000000740000000,0x00000007410d6638,0x0000000745580000)
 Metaspace       used 20948K, capacity 21123K, committed 21296K, reserved 1069056K
  class space    used 2024K, capacity 2110K, committed 2176K, reserved 1048576K
Event: 77.898 GC heap after
Heap after GC invocations=12 (full 0):
 PSYoungGen      total 41984K, used 96K [0x0000000795580000, 0x0000000798d00000, 0x00000007c0000000)
  eden space 29184K, 0% used [0x0000000795580000,0x0000000795580000,0x0000000797200000)
  from space 12800K, 0% used [0x0000000798080000,0x0000000798098000,0x0000000798d00000)
  to   space 13824K, 0% used [0x0000000797200000,0x0000000797200000,0x0000000797f80000)
 ParOldGen       total 87552K, used 17265K [0x0000000740000000, 0x0000000745580000, 0x0000000795580000)
  object space 87552K, 19% used [0x0000000740000000,0x00000007410dc638,0x0000000745580000)
 Metaspace       used 20948K, capacity 21123K, committed 21296K, reserved 1069056K
  class space    used 2024K, capacity 2110K, committed 2176K, reserved 1048576K
}
Event: 85.166 GC heap before
{Heap before GC invocations=13 (full 0):
 PSYoungGen      total 41984K, used 29280K [0x0000000795580000, 0x0000000798d00000, 0x00000007c0000000)
  eden space 29184K, 100% used [0x0000000795580000,0x0000000797200000,0x0000000797200000)
  from space 12800K, 0% used [0x0000000798080000,0x0000000798098000,0x0000000798d00000)
  to   space 13824K, 0% used [0x0000000797200000,0x0000000797200000,0x0000000797f80000)
 ParOldGen       total 87552K, used 17265K [0x0000000740000000, 0x0000000745580000, 0x0000000795580000)
  object space 87552K, 19% used [0x0000000740000000,0x00000007410dc638,0x0000000745580000)
 Metaspace       used 20948K, capacity 21123K, committed 21296K, reserved 1069056K
  class space    used 2024K, capacity 2110K, committed 2176K, reserved 1048576K
Event: 85.168 GC heap after
Heap after GC invocations=13 (full 0):
 PSYoungGen      total 29184K, used 96K [0x0000000795580000, 0x0000000798c80000, 0x00000007c0000000)
  eden space 28672K, 0% used [0x0000000795580000,0x0000000795580000,0x0000000797180000)
  from space 512K, 18% used [0x0000000797200000,0x0000000797218000,0x0000000797280000)
  to   space 13824K, 0% used [0x0000000797f00000,0x0000000797f00000,0x0000000798c80000)
 ParOldGen       total 87552K, used 17281K [0x0000000740000000, 0x0000000745580000, 0x0000000795580000)
  object space 87552K, 19% used [0x0000000740000000,0x00000007410e0638,0x0000000745580000)
 Metaspace       used 20948K, capacity 21123K, committed 21296K, reserved 1069056K
  class space    used 2024K, capacity 2110K, committed 2176K, reserved 1048576K
}
Event: 92.369 GC heap before
{Heap before GC invocations=14 (full 0):
 PSYoungGen      total 29184K, used 28768K [0x0000000795580000, 0x0000000798c80000, 0x00000007c0000000)
  eden space 28672K, 100% used [0x0000000795580000,0x0000000797180000,0x0000000797180000)
  from space 512K, 18% used [0x0000000797200000,0x0000000797218000,0x0000000797280000)
  to   space 13824K, 0% used [0x0000000797f00000,0x0000000797f00000,0x0000000798c80000)
 ParOldGen       total 87552K, used 17281K [0x0000000740000000, 0x0000000745580000, 0x0000000795580000)
  object space 87552K, 19% used [0x0000000740000000,0x00000007410e0638,0x0000000745580000)
 Metaspace       used 20949K, capacity 21123K, committed 21296K, reserved 1069056K
  class space    used 2024K, capacity 2110K, committed 2176K, reserved 1048576K
Event: 92.370 GC heap after
Heap after GC invocations=14 (full 0):
 PSYoungGen      total 40448K, used 128K [0x0000000795580000, 0x0000000798b00000, 0x00000007c0000000)
  eden space 28160K, 0% used [0x0000000795580000,0x0000000795580000,0x0000000797100000)
  from space 12288K, 1% used [0x0000000797f00000,0x0000000797f20000,0x0000000798b00000)
  to   space 13312K, 0% used [0x0000000797100000,0x0000000797100000,0x0000000797e00000)
 ParOldGen       total 87552K, used 17297K [0x0000000740000000, 0x0000000745580000, 0x0000000795580000)
  object space 87552K, 19% used [0x0000000740000000,0x00000007410e4638,0x0000000745580000)
 Metaspace       used 20949K, capacity 21123K, committed 21296K, reserved 1069056K
  class space    used 2024K, capacity 2110K, committed 2176K, reserved 1048576K
}

