# JRE version: Java(TM) SE Runtime Environment (8.0_65-b17) (build 1.8.0_65-b17)
# Java VM: Java HotSpot(TM) 64-Bit Server VM (25.65-b01 mixed mode bsd-amd64 compressed oops)
Heap:
 PSYoungGen      total 42496K, used 1388K [0x0000000795580000, 0x0000000798d00000, 0x00000007c0000000)
  eden space 29184K, 4% used [0x0000000795580000,0x00000007956db350,0x0000000797200000)
  from space 13312K, 0% used [0x0000000798000000,0x0000000798000000,0x0000000798d00000)
  to   space 13824K, 0% used [0x0000000797200000,0x0000000797200000,0x0000000797f80000)
 ParOldGen       total 55296K, used 15779K [0x0000000740000000, 0x0000000743600000, 0x0000000795580000)
  object space 55296K, 28% used [0x0000000740000000,0x0000000740f68eb0,0x0000000743600000)
 Metaspace       used 20970K, capacity 21179K, committed 21552K, reserved 1069056K
  class space    used 2027K, capacity 2110K, committed 2176K, reserved 1048576K
GC Heap History (10 events):
Event: 53.642 GC heap before
{Heap before GC invocations=9 (full 0):
 PSYoungGen      total 45056K, used 31392K [0x0000000795580000, 0x0000000799000000, 0x00000007c0000000)
  eden space 31232K, 100% used [0x0000000795580000,0x0000000797400000,0x0000000797400000)
  from space 13824K, 1% used [0x0000000798200000,0x0000000798228000,0x0000000798f80000)
  to   space 14336K, 0% used [0x0000000797400000,0x0000000797400000,0x0000000798200000)
 ParOldGen       total 87552K, used 17460K [0x0000000740000000, 0x0000000745580000, 0x0000000795580000)
  object space 87552K, 19% used [0x0000000740000000,0x000000074110d018,0x0000000745580000)
 Metaspace       used 20947K, capacity 21115K, committed 21296K, reserved 1069056K
  class space    used 2020K, capacity 2110K, committed 2176K, reserved 1048576K
Event: 53.643 GC heap after
Heap after GC invocations=9 (full 0):
 PSYoungGen      total 31232K, used 128K [0x0000000795580000, 0x0000000798f80000, 0x00000007c0000000)
  eden space 30720K, 0% used [0x0000000795580000,0x0000000795580000,0x0000000797380000)
  from space 512K, 25% used [0x0000000797400000,0x0000000797420000,0x0000000797480000)
  to   space 14336K, 0% used [0x0000000798180000,0x0000000798180000,0x0000000798f80000)
 ParOldGen       total 87552K, used 17540K [0x0000000740000000, 0x0000000745580000, 0x0000000795580000)
  object space 87552K, 20% used [0x0000000740000000,0x0000000741121018,0x0000000745580000)
 Metaspace       used 20947K, capacity 21115K, committed 21296K, reserved 1069056K
  class space    used 2020K, capacity 2110K, committed 2176K, reserved 1048576K
}
Event: 61.348 GC heap before
{Heap before GC invocations=10 (full 0):
 PSYoungGen      total 31232K, used 30848K [0x0000000795580000, 0x0000000798f80000, 0x00000007c0000000)
  eden space 30720K, 100% used [0x0000000795580000,0x0000000797380000,0x0000000797380000)
  from space 512K, 25% used [0x0000000797400000,0x0000000797420000,0x0000000797480000)
  to   space 14336K, 0% used [0x0000000798180000,0x0000000798180000,0x0000000798f80000)
 ParOldGen       total 87552K, used 17540K [0x0000000740000000, 0x0000000745580000, 0x0000000795580000)
  object space 87552K, 20% used [0x0000000740000000,0x0000000741121018,0x0000000745580000)
 Metaspace       used 20947K, capacity 21115K, committed 21296K, reserved 1069056K
  class space    used 2020K, capacity 2110K, committed 2176K, reserved 1048576K
Event: 61.350 GC heap after
Heap after GC invocations=10 (full 0):
 PSYoungGen      total 44032K, used 128K [0x0000000795580000, 0x0000000798f00000, 0x00000007c0000000)
  eden space 30208K, 0% used [0x0000000795580000,0x0000000795580000,0x0000000797300000)
  from space 13824K, 0% used [0x0000000798180000,0x00000007981a0000,0x0000000798f00000)
  to   space 14336K, 0% used [0x0000000797300000,0x0000000797300000,0x0000000798100000)
 ParOldGen       total 87552K, used 17556K [0x0000000740000000, 0x0000000745580000, 0x0000000795580000)
  object space 87552K, 20% used [0x0000000740000000,0x0000000741125018,0x0000000745580000)
 Metaspace       used 20947K, capacity 21115K, committed 21296K, reserved 1069056K
  class space    used 2020K, capacity 2110K, committed 2176K, reserved 1048576K
}
Event: 68.982 GC heap before
{Heap before GC invocations=11 (full 0):
 PSYoungGen      total 44032K, used 30336K [0x0000000795580000, 0x0000000798f00000, 0x00000007c0000000)
  eden space 30208K, 100% used [0x0000000795580000,0x0000000797300000,0x0000000797300000)
  from space 13824K, 0% used [0x0000000798180000,0x00000007981a0000,0x0000000798f00000)
  to   space 14336K, 0% used [0x0000000797300000,0x0000000797300000,0x0000000798100000)
 ParOldGen       total 87552K, used 17556K [0x0000000740000000, 0x0000000745580000, 0x0000000795580000)
  object space 87552K, 20% used [0x0000000740000000,0x0000000741125018,0x0000000745580000)
 Metaspace       used 20947K, capacity 21115K, committed 21296K, reserved 1069056K
  class space    used 2020K, capacity 2110K, committed 2176K, reserved 1048576K
Event: 68.983 GC heap after
Heap after GC invocations=11 (full 0):
 PSYoungGen      total 30208K, used 128K [0x0000000795580000, 0x0000000798d80000, 0x00000007c0000000)
  eden space 29696K, 0% used [0x0000000795580000,0x0000000795580000,0x0000000797280000)
  from space 512K, 25% used [0x0000000797300000,0x0000000797320000,0x0000000797380000)
  to   space 13824K, 0% used [0x0000000798000000,0x0000000798000000,0x0000000798d80000)
 ParOldGen       total 87552K, used 17572K [0x0000000740000000, 0x0000000745580000, 0x0000000795580000)
  object space 87552K, 20% used [0x0000000740000000,0x0000000741129018,0x0000000745580000)
 Metaspace       used 20947K, capacity 21115K, committed 21296K, reserved 1069056K
  class space    used 2020K, capacity 2110K, committed 2176K, reserved 1048576K
}
Event: 69.632 GC heap before
{Heap before GC invocations=12 (full 0):
 PSYoungGen      total 30208K, used 3669K [0x0000000795580000, 0x0000000798d80000, 0x00000007c0000000)
  eden space 29696K, 11% used [0x0000000795580000,0x00000007958f5470,0x0000000797280000)
  from space 512K, 25% used [0x0000000797300000,0x0000000797320000,0x0000000797380000)
  to   space 13824K, 0% used [0x0000000798000000,0x0000000798000000,0x0000000798d80000)
 ParOldGen       total 87552K, used 17572K [0x0000000740000000, 0x0000000745580000, 0x0000000795580000)
  object space 87552K, 20% used [0x0000000740000000,0x0000000741129018,0x0000000745580000)
 Metaspace       used 20952K, capacity 21115K, committed 21296K, reserved 1069056K
  class space    used 2022K, capacity 2110K, committed 2176K, reserved 1048576K
Event: 69.634 GC heap after
Heap after GC invocations=12 (full 0):
 PSYoungGen      total 42496K, used 64K [0x0000000795580000, 0x0000000798d00000, 0x00000007c0000000)
  eden space 29184K, 0% used [0x0000000795580000,0x0000000795580000,0x0000000797200000)
  from space 13312K, 0% used [0x0000000798000000,0x0000000798010000,0x0000000798d00000)
  to   space 13824K, 0% used [0x0000000797200000,0x0000000797200000,0x0000000797f80000)
 ParOldGen       total 87552K, used 17588K [0x0000000740000000, 0x0000000745580000, 0x0000000795580000)
  object space 87552K, 20% used [0x0000000740000000,0x000000074112d018,0x0000000745580000)
 Metaspace       used 20952K, capacity 21115K, committed 21296K, reserved 1069056K
  class space    used 2022K, capacity 2110K, committed 2176K, reserved 1048576K
}
Event: 69.634 GC heap before
{Heap before GC invocations=13 (full 1):
 PSYoungGen      total 42496K, used 64K [0x0000000795580000, 0x0000000798d00000, 0x00000007c0000000)
  eden space 29184K, 0% used [0x0000000795580000,0x0000000795580000,0x0000000797200000)
  from space 13312K, 0% used [0x0000000798000000,0x0000000798010000,0x0000000798d00000)
  to   space 13824K, 0% used [0x0000000797200000,0x0000000797200000,0x0000000797f80000)
 ParOldGen       total 87552K, used 17588K [0x0000000740000000, 0x0000000745580000, 0x0000000795580000)
  object space 87552K, 20% used [0x0000000740000000,0x000000074112d018,0x0000000745580000)
 Metaspace       used 20952K, capacity 21115K, committed 21296K, reserved 1069056K
  class space    used 2022K, capacity 2110K, committed 2176K, reserved 1048576K
Event: 69.716 GC heap after
Heap after GC invocations=13 (full 1):
 PSYoungGen      total 42496K, used 0K [0x0000000795580000, 0x0000000798d00000, 0x00000007c0000000)
  eden space 29184K, 0% used [0x0000000795580000,0x0000000795580000,0x0000000797200000)
  from space 13312K, 0% used [0x0000000798000000,0x0000000798000000,0x0000000798d00000)
  to   space 13824K, 0% used [0x0000000797200000,0x0000000797200000,0x0000000797f80000)
 ParOldGen       total 55296K, used 15779K [0x0000000740000000, 0x0000000743600000, 0x0000000795580000)
  object space 55296K, 28% used [0x0000000740000000,0x0000000740f68eb0,0x0000000743600000)
 Metaspace       used 20952K, capacity 21115K, committed 21296K, reserved 1069056K
  class space    used 2022K, capacity 2110K, committed 2176K, reserved 1048576K
}

