# JRE version: Java(TM) SE Runtime Environment (8.0_65-b17) (build 1.8.0_65-b17)
# Java VM: Java HotSpot(TM) 64-Bit Server VM (25.65-b01 mixed mode bsd-amd64 compressed oops)
Heap:
 PSYoungGen      total 24576K, used 21947K [0x0000000795580000, 0x0000000796e80000, 0x00000007c0000000)
  eden space 24064K, 90% used [0x0000000795580000,0x0000000796adee58,0x0000000796d00000)
  from space 512K, 12% used [0x0000000796d80000,0x0000000796d90000,0x0000000796e00000)
  to   space 512K, 0% used [0x0000000796e00000,0x0000000796e00000,0x0000000796e80000)
 ParOldGen       total 50688K, used 14170K [0x0000000740000000, 0x0000000743180000, 0x0000000795580000)
  object space 50688K, 27% used [0x0000000740000000,0x0000000740dd6a98,0x0000000743180000)
 Metaspace       used 20950K, capacity 21123K, committed 21552K, reserved 1069056K
  class space    used 2045K, capacity 2104K, committed 2176K, reserved 1048576K
GC Heap History (10 events):
Event: 6276.518 GC heap before
{Heap before GC invocations=980 (full 1):
 PSYoungGen      total 24576K, used 24160K [0x0000000795580000, 0x0000000796e80000, 0x00000007c0000000)
  eden space 24064K, 100% used [0x0000000795580000,0x0000000796d00000,0x0000000796d00000)
  from space 512K, 18% used [0x0000000796e00000,0x0000000796e18000,0x0000000796e80000)
  to   space 512K, 0% used [0x0000000796d80000,0x0000000796d80000,0x0000000796e00000)
 ParOldGen       total 50688K, used 14170K [0x0000000740000000, 0x0000000743180000, 0x0000000795580000)
  object space 50688K, 27% used [0x0000000740000000,0x0000000740dd6a98,0x0000000743180000)
 Metaspace       used 20913K, capacity 21123K, committed 21552K, reserved 1069056K
  class space    used 2037K, capacity 2104K, committed 2176K, reserved 1048576K
Event: 6276.528 GC heap after
Heap after GC invocations=980 (full 1):
 PSYoungGen      total 24576K, used 128K [0x0000000795580000, 0x0000000796e80000, 0x00000007c0000000)
  eden space 24064K, 0% used [0x0000000795580000,0x0000000795580000,0x0000000796d00000)
  from space 512K, 25% used [0x0000000796d80000,0x0000000796da0000,0x0000000796e00000)
  to   space 512K, 0% used [0x0000000796e00000,0x0000000796e00000,0x0000000796e80000)
 ParOldGen       total 50688K, used 14170K [0x0000000740000000, 0x0000000743180000, 0x0000000795580000)
  object space 50688K, 27% used [0x0000000740000000,0x0000000740dd6a98,0x0000000743180000)
 Metaspace       used 20913K, capacity 21123K, committed 21552K, reserved 1069056K
  class space    used 2037K, capacity 2104K, committed 2176K, reserved 1048576K
}
Event: 6283.135 GC heap before
{Heap before GC invocations=981 (full 1):
 PSYoungGen      total 24576K, used 24192K [0x0000000795580000, 0x0000000796e80000, 0x00000007c0000000)
  eden space 24064K, 100% used [0x0000000795580000,0x0000000796d00000,0x0000000796d00000)
  from space 512K, 25% used [0x0000000796d80000,0x0000000796da0000,0x0000000796e00000)
  to   space 512K, 0% used [0x0000000796e00000,0x0000000796e00000,0x0000000796e80000)
 ParOldGen       total 50688K, used 14170K [0x0000000740000000, 0x0000000743180000, 0x0000000795580000)
  object space 50688K, 27% used [0x0000000740000000,0x0000000740dd6a98,0x0000000743180000)
 Metaspace       used 20913K, capacity 21123K, committed 21552K, reserved 1069056K
  class space    used 2037K, capacity 2104K, committed 2176K, reserved 1048576K
Event: 6283.137 GC heap after
Heap after GC invocations=981 (full 1):
 PSYoungGen      total 24576K, used 96K [0x0000000795580000, 0x0000000796e80000, 0x00000007c0000000)
  eden space 24064K, 0% used [0x0000000795580000,0x0000000795580000,0x0000000796d00000)
  from space 512K, 18% used [0x0000000796e00000,0x0000000796e18000,0x0000000796e80000)
  to   space 512K, 0% used [0x0000000796d80000,0x0000000796d80000,0x0000000796e00000)
 ParOldGen       total 50688K, used 14170K [0x0000000740000000, 0x0000000743180000, 0x0000000795580000)
  object space 50688K, 27% used [0x0000000740000000,0x0000000740dd6a98,0x0000000743180000)
 Metaspace       used 20913K, capacity 21123K, committed 21552K, reserved 1069056K
  class space    used 2037K, capacity 2104K, committed 2176K, reserved 1048576K
}
Event: 6289.855 GC heap before
{Heap before GC invocations=982 (full 1):
 PSYoungGen      total 24576K, used 24160K [0x0000000795580000, 0x0000000796e80000, 0x00000007c0000000)
  eden space 24064K, 100% used [0x0000000795580000,0x0000000796d00000,0x0000000796d00000)
  from space 512K, 18% used [0x0000000796e00000,0x0000000796e18000,0x0000000796e80000)
  to   space 512K, 0% used [0x0000000796d80000,0x0000000796d80000,0x0000000796e00000)
 ParOldGen       total 50688K, used 14170K [0x0000000740000000, 0x0000000743180000, 0x0000000795580000)
  object space 50688K, 27% used [0x0000000740000000,0x0000000740dd6a98,0x0000000743180000)
 Metaspace       used 20913K, capacity 21123K, committed 21552K, reserved 1069056K
  class space    used 2037K, capacity 2104K, committed 2176K, reserved 1048576K
Event: 6289.862 GC heap after
Heap after GC invocations=982 (full 1):
 PSYoungGen      total 24576K, used 96K [0x0000000795580000, 0x0000000796e80000, 0x00000007c0000000)
  eden space 24064K, 0% used [0x0000000795580000,0x0000000795580000,0x0000000796d00000)
  from space 512K, 18% used [0x0000000796d80000,0x0000000796d98000,0x0000000796e00000)
  to   space 512K, 0% used [0x0000000796e00000,0x0000000796e00000,0x0000000796e80000)
 ParOldGen       total 50688K, used 14170K [0x0000000740000000, 0x0000000743180000, 0x0000000795580000)
  object space 50688K, 27% used [0x0000000740000000,0x0000000740dd6a98,0x0000000743180000)
 Metaspace       used 20913K, capacity 21123K, committed 21552K, reserved 1069056K
  class space    used 2037K, capacity 2104K, committed 2176K, reserved 1048576K
}
Event: 6296.710 GC heap before
{Heap before GC invocations=983 (full 1):
 PSYoungGen      total 24576K, used 24160K [0x0000000795580000, 0x0000000796e80000, 0x00000007c0000000)
  eden space 24064K, 100% used [0x0000000795580000,0x0000000796d00000,0x0000000796d00000)
  from space 512K, 18% used [0x0000000796d80000,0x0000000796d98000,0x0000000796e00000)
  to   space 512K, 0% used [0x0000000796e00000,0x0000000796e00000,0x0000000796e80000)
 ParOldGen       total 50688K, used 14170K [0x0000000740000000, 0x0000000743180000, 0x0000000795580000)
  object space 50688K, 27% used [0x0000000740000000,0x0000000740dd6a98,0x0000000743180000)
 Metaspace       used 20913K, capacity 21123K, committed 21552K, reserved 1069056K
  class space    used 2037K, capacity 2104K, committed 2176K, reserved 1048576K
Event: 6296.712 GC heap after
Heap after GC invocations=983 (full 1):
 PSYoungGen      total 24576K, used 96K [0x0000000795580000, 0x0000000796e80000, 0x00000007c0000000)
  eden space 24064K, 0% used [0x0000000795580000,0x0000000795580000,0x0000000796d00000)
  from space 512K, 18% used [0x0000000796e00000,0x0000000796e18000,0x0000000796e80000)
  to   space 512K, 0% used [0x0000000796d80000,0x0000000796d80000,0x0000000796e00000)
 ParOldGen       total 50688K, used 14170K [0x0000000740000000, 0x0000000743180000, 0x0000000795580000)
  object space 50688K, 27% used [0x0000000740000000,0x0000000740dd6a98,0x0000000743180000)
 Metaspace       used 20913K, capacity 21123K, committed 21552K, reserved 1069056K
  class space    used 2037K, capacity 2104K, committed 2176K, reserved 1048576K
}
Event: 6303.162 GC heap before
{Heap before GC invocations=984 (full 1):
 PSYoungGen      total 24576K, used 24160K [0x0000000795580000, 0x0000000796e80000, 0x00000007c0000000)
  eden space 24064K, 100% used [0x0000000795580000,0x0000000796d00000,0x0000000796d00000)
  from space 512K, 18% used [0x0000000796e00000,0x0000000796e18000,0x0000000796e80000)
  to   space 512K, 0% used [0x0000000796d80000,0x0000000796d80000,0x0000000796e00000)
 ParOldGen       total 50688K, used 14170K [0x0000000740000000, 0x0000000743180000, 0x0000000795580000)
  object space 50688K, 27% used [0x0000000740000000,0x0000000740dd6a98,0x0000000743180000)
 Metaspace       used 20913K, capacity 21123K, committed 21552K, reserved 1069056K
  class space    used 2037K, capacity 2104K, committed 2176K, reserved 1048576K
Event: 6303.165 GC heap after
Heap after GC invocations=984 (full 1):
 PSYoungGen      total 24576K, used 64K [0x0000000795580000, 0x0000000796e80000, 0x00000007c0000000)
  eden space 24064K, 0% used [0x0000000795580000,0x0000000795580000,0x0000000796d00000)
  from space 512K, 12% used [0x0000000796d80000,0x0000000796d90000,0x0000000796e00000)
  to   space 512K, 0% used [0x0000000796e00000,0x0000000796e00000,0x0000000796e80000)
 ParOldGen       total 50688K, used 14170K [0x0000000740000000, 0x0000000743180000, 0x0000000795580000)
  object space 50688K, 27% used [0x0000000740000000,0x0000000740dd6a98,0x0000000743180000)
 Metaspace       used 20913K, capacity 21123K, committed 21552K, reserved 1069056K
  class space    used 2037K, capacity 2104K, committed 2176K, reserved 1048576K
}

