# JRE version: Java(TM) SE Runtime Environment (8.0_65-b17) (build 1.8.0_65-b17)
# Java VM: Java HotSpot(TM) 64-Bit Server VM (25.65-b01 mixed mode bsd-amd64 compressed oops)
Heap:
 PSYoungGen      total 31744K, used 10357K [0x0000000795580000, 0x0000000797d00000, 0x00000007c0000000)
  eden space 24064K, 42% used [0x0000000795580000,0x0000000795f85520,0x0000000796d00000)
  from space 7680K, 1% used [0x0000000797580000,0x0000000797598000,0x0000000797d00000)
  to   space 8192K, 0% used [0x0000000796d00000,0x0000000796d00000,0x0000000797500000)
 ParOldGen       total 54784K, used 16256K [0x0000000740000000, 0x0000000743580000, 0x0000000795580000)
  object space 54784K, 29% used [0x0000000740000000,0x0000000740fe03c0,0x0000000743580000)
 Metaspace       used 21158K, capacity 21323K, committed 21552K, reserved 1069056K
  class space    used 2048K, capacity 2112K, committed 2176K, reserved 1048576K
GC Heap History (10 events):
Event: 120.238 GC heap before
{Heap before GC invocations=21 (full 1):
 PSYoungGen      total 26112K, used 25696K [0x0000000795580000, 0x0000000798380000, 0x00000007c0000000)
  eden space 25600K, 100% used [0x0000000795580000,0x0000000796e80000,0x0000000796e80000)
  from space 512K, 18% used [0x0000000796f00000,0x0000000796f18000,0x0000000796f80000)
  to   space 10752K, 0% used [0x0000000797900000,0x0000000797900000,0x0000000798380000)
 ParOldGen       total 54784K, used 16080K [0x0000000740000000, 0x0000000743580000, 0x0000000795580000)
  object space 54784K, 29% used [0x0000000740000000,0x0000000740fb43c0,0x0000000743580000)
 Metaspace       used 21063K, capacity 21259K, committed 21552K, reserved 1069056K
  class space    used 2040K, capacity 2112K, committed 2176K, reserved 1048576K
Event: 120.244 GC heap after
Heap after GC invocations=21 (full 1):
 PSYoungGen      total 34304K, used 96K [0x0000000795580000, 0x0000000798200000, 0x00000007c0000000)
  eden space 25088K, 0% used [0x0000000795580000,0x0000000795580000,0x0000000796e00000)
  from space 9216K, 1% used [0x0000000797900000,0x0000000797918000,0x0000000798200000)
  to   space 10240K, 0% used [0x0000000796e00000,0x0000000796e00000,0x0000000797800000)
 ParOldGen       total 54784K, used 16104K [0x0000000740000000, 0x0000000743580000, 0x0000000795580000)
  object space 54784K, 29% used [0x0000000740000000,0x0000000740fba3c0,0x0000000743580000)
 Metaspace       used 21063K, capacity 21259K, committed 21552K, reserved 1069056K
  class space    used 2040K, capacity 2112K, committed 2176K, reserved 1048576K
}
Event: 128.474 GC heap before
{Heap before GC invocations=22 (full 1):
 PSYoungGen      total 34304K, used 25184K [0x0000000795580000, 0x0000000798200000, 0x00000007c0000000)
  eden space 25088K, 100% used [0x0000000795580000,0x0000000796e00000,0x0000000796e00000)
  from space 9216K, 1% used [0x0000000797900000,0x0000000797918000,0x0000000798200000)
  to   space 10240K, 0% used [0x0000000796e00000,0x0000000796e00000,0x0000000797800000)
 ParOldGen       total 54784K, used 16104K [0x0000000740000000, 0x0000000743580000, 0x0000000795580000)
  object space 54784K, 29% used [0x0000000740000000,0x0000000740fba3c0,0x0000000743580000)
 Metaspace       used 21117K, capacity 21323K, committed 21552K, reserved 1069056K
  class space    used 2040K, capacity 2112K, committed 2176K, reserved 1048576K
Event: 128.489 GC heap after
Heap after GC invocations=22 (full 1):
 PSYoungGen      total 25088K, used 64K [0x0000000795580000, 0x0000000798080000, 0x00000007c0000000)
  eden space 24576K, 0% used [0x0000000795580000,0x0000000795580000,0x0000000796d80000)
  from space 512K, 12% used [0x0000000796e00000,0x0000000796e10000,0x0000000796e80000)
  to   space 9728K, 0% used [0x0000000797700000,0x0000000797700000,0x0000000798080000)
 ParOldGen       total 54784K, used 16152K [0x0000000740000000, 0x0000000743580000, 0x0000000795580000)
  object space 54784K, 29% used [0x0000000740000000,0x0000000740fc63c0,0x0000000743580000)
 Metaspace       used 21117K, capacity 21323K, committed 21552K, reserved 1069056K
  class space    used 2040K, capacity 2112K, committed 2176K, reserved 1048576K
}
Event: 136.727 GC heap before
{Heap before GC invocations=23 (full 1):
 PSYoungGen      total 25088K, used 24640K [0x0000000795580000, 0x0000000798080000, 0x00000007c0000000)
  eden space 24576K, 100% used [0x0000000795580000,0x0000000796d80000,0x0000000796d80000)
  from space 512K, 12% used [0x0000000796e00000,0x0000000796e10000,0x0000000796e80000)
  to   space 9728K, 0% used [0x0000000797700000,0x0000000797700000,0x0000000798080000)
 ParOldGen       total 54784K, used 16152K [0x0000000740000000, 0x0000000743580000, 0x0000000795580000)
  object space 54784K, 29% used [0x0000000740000000,0x0000000740fc63c0,0x0000000743580000)
 Metaspace       used 21122K, capacity 21323K, committed 21552K, reserved 1069056K
  class space    used 2040K, capacity 2112K, committed 2176K, reserved 1048576K
Event: 136.740 GC heap after
Heap after GC invocations=23 (full 1):
 PSYoungGen      total 32256K, used 64K [0x0000000795580000, 0x0000000797f00000, 0x00000007c0000000)
  eden space 24064K, 0% used [0x0000000795580000,0x0000000795580000,0x0000000796d00000)
  from space 8192K, 0% used [0x0000000797700000,0x0000000797710000,0x0000000797f00000)
  to   space 9216K, 0% used [0x0000000796d00000,0x0000000796d00000,0x0000000797600000)
 ParOldGen       total 54784K, used 16192K [0x0000000740000000, 0x0000000743580000, 0x0000000795580000)
  object space 54784K, 29% used [0x0000000740000000,0x0000000740fd03c0,0x0000000743580000)
 Metaspace       used 21122K, capacity 21323K, committed 21552K, reserved 1069056K
  class space    used 2040K, capacity 2112K, committed 2176K, reserved 1048576K
}
Event: 144.399 GC heap before
{Heap before GC invocations=24 (full 1):
 PSYoungGen      total 32256K, used 24128K [0x0000000795580000, 0x0000000797f00000, 0x00000007c0000000)
  eden space 24064K, 100% used [0x0000000795580000,0x0000000796d00000,0x0000000796d00000)
  from space 8192K, 0% used [0x0000000797700000,0x0000000797710000,0x0000000797f00000)
  to   space 9216K, 0% used [0x0000000796d00000,0x0000000796d00000,0x0000000797600000)
 ParOldGen       total 54784K, used 16192K [0x0000000740000000, 0x0000000743580000, 0x0000000795580000)
  object space 54784K, 29% used [0x0000000740000000,0x0000000740fd03c0,0x0000000743580000)
 Metaspace       used 21124K, capacity 21323K, committed 21552K, reserved 1069056K
  class space    used 2040K, capacity 2112K, committed 2176K, reserved 1048576K
Event: 144.400 GC heap after
Heap after GC invocations=24 (full 1):
 PSYoungGen      total 24576K, used 96K [0x0000000795580000, 0x0000000797e00000, 0x00000007c0000000)
  eden space 24064K, 0% used [0x0000000795580000,0x0000000795580000,0x0000000796d00000)
  from space 512K, 18% used [0x0000000796d00000,0x0000000796d18000,0x0000000796d80000)
  to   space 8704K, 0% used [0x0000000797580000,0x0000000797580000,0x0000000797e00000)
 ParOldGen       total 54784K, used 16232K [0x0000000740000000, 0x0000000743580000, 0x0000000795580000)
  object space 54784K, 29% used [0x0000000740000000,0x0000000740fda3c0,0x0000000743580000)
 Metaspace       used 21124K, capacity 21323K, committed 21552K, reserved 1069056K
  class space    used 2040K, capacity 2112K, committed 2176K, reserved 1048576K
}
Event: 150.054 GC heap before
{Heap before GC invocations=25 (full 1):
 PSYoungGen      total 24576K, used 24160K [0x0000000795580000, 0x0000000797e00000, 0x00000007c0000000)
  eden space 24064K, 100% used [0x0000000795580000,0x0000000796d00000,0x0000000796d00000)
  from space 512K, 18% used [0x0000000796d00000,0x0000000796d18000,0x0000000796d80000)
  to   space 8704K, 0% used [0x0000000797580000,0x0000000797580000,0x0000000797e00000)
 ParOldGen       total 54784K, used 16232K [0x0000000740000000, 0x0000000743580000, 0x0000000795580000)
  object space 54784K, 29% used [0x0000000740000000,0x0000000740fda3c0,0x0000000743580000)
 Metaspace       used 21124K, capacity 21323K, committed 21552K, reserved 1069056K
  class space    used 2040K, capacity 2112K, committed 2176K, reserved 1048576K
Event: 150.057 GC heap after
Heap after GC invocations=25 (full 1):
 PSYoungGen      total 31744K, used 96K [0x0000000795580000, 0x0000000797d00000, 0x00000007c0000000)
  eden space 24064K, 0% used [0x0000000795580000,0x0000000795580000,0x0000000796d00000)
  from space 7680K, 1% used [0x0000000797580000,0x0000000797598000,0x0000000797d00000)
  to   space 8192K, 0% used [0x0000000796d00000,0x0000000796d00000,0x0000000797500000)
 ParOldGen       total 54784K, used 16256K [0x0000000740000000, 0x0000000743580000, 0x0000000795580000)
  object space 54784K, 29% used [0x0000000740000000,0x0000000740fe03c0,0x0000000743580000)
 Metaspace       used 21124K, capacity 21323K, committed 21552K, reserved 1069056K
  class space    used 2040K, capacity 2112K, committed 2176K, reserved 1048576K
}

