# JRE version: Java(TM) SE Runtime Environment (8.0_65-b17) (build 1.8.0_65-b17)
# Java VM: Java HotSpot(TM) 64-Bit Server VM (25.65-b01 mixed mode bsd-amd64 compressed oops)
Heap:
 PSYoungGen      total 71680K, used 64828K [0x0000000795580000, 0x000000079a080000, 0x00000007c0000000)
  eden space 66560K, 89% used [0x0000000795580000,0x0000000798fd6218,0x0000000799680000)
  from space 5120K, 99% used [0x0000000799b80000,0x000000079a0791b8,0x000000079a080000)
  to   space 5120K, 0% used [0x0000000799680000,0x0000000799680000,0x0000000799b80000)
 ParOldGen       total 87552K, used 20780K [0x0000000740000000, 0x0000000745580000, 0x0000000795580000)
  object space 87552K, 23% used [0x0000000740000000,0x000000074144b070,0x0000000745580000)
 Metaspace       used 19079K, capacity 19211K, committed 19328K, reserved 1067008K
  class space    used 1866K, capacity 1918K, committed 1920K, reserved 1048576K
GC Heap History (8 events):
Event: 10.061 GC heap before
{Heap before GC invocations=1 (full 0):
 PSYoungGen      total 38400K, used 33280K [0x0000000795580000, 0x0000000798000000, 0x00000007c0000000)
  eden space 33280K, 100% used [0x0000000795580000,0x0000000797600000,0x0000000797600000)
  from space 5120K, 0% used [0x0000000797b00000,0x0000000797b00000,0x0000000798000000)
  to   space 5120K, 0% used [0x0000000797600000,0x0000000797600000,0x0000000797b00000)
 ParOldGen       total 87552K, used 0K [0x0000000740000000, 0x0000000745580000, 0x0000000795580000)
  object space 87552K, 0% used [0x0000000740000000,0x0000000740000000,0x0000000745580000)
 Metaspace       used 15853K, capacity 16059K, committed 16256K, reserved 1064960K
  class space    used 1593K, capacity 1660K, committed 1664K, reserved 1048576K
Event: 10.078 GC heap after
Heap after GC invocations=1 (full 0):
 PSYoungGen      total 38400K, used 4953K [0x0000000795580000, 0x0000000798000000, 0x00000007c0000000)
  eden space 33280K, 0% used [0x0000000795580000,0x0000000795580000,0x0000000797600000)
  from space 5120K, 96% used [0x0000000797600000,0x0000000797ad6710,0x0000000797b00000)
  to   space 5120K, 0% used [0x0000000797b00000,0x0000000797b00000,0x0000000798000000)
 ParOldGen       total 87552K, used 16K [0x0000000740000000, 0x0000000745580000, 0x0000000795580000)
  object space 87552K, 0% used [0x0000000740000000,0x0000000740004000,0x0000000745580000)
 Metaspace       used 15853K, capacity 16059K, committed 16256K, reserved 1064960K
  class space    used 1593K, capacity 1660K, committed 1664K, reserved 1048576K
}
Event: 13.844 GC heap before
{Heap before GC invocations=2 (full 0):
 PSYoungGen      total 38400K, used 38233K [0x0000000795580000, 0x0000000798000000, 0x00000007c0000000)
  eden space 33280K, 100% used [0x0000000795580000,0x0000000797600000,0x0000000797600000)
  from space 5120K, 96% used [0x0000000797600000,0x0000000797ad6710,0x0000000797b00000)
  to   space 5120K, 0% used [0x0000000797b00000,0x0000000797b00000,0x0000000798000000)
 ParOldGen       total 87552K, used 16K [0x0000000740000000, 0x0000000745580000, 0x0000000795580000)
  object space 87552K, 0% used [0x0000000740000000,0x0000000740004000,0x0000000745580000)
 Metaspace       used 18408K, capacity 18571K, committed 18816K, reserved 1067008K
  class space    used 1858K, capacity 1918K, committed 1920K, reserved 1048576K
Event: 13.871 GC heap after
Heap after GC invocations=2 (full 0):
 PSYoungGen      total 38400K, used 5107K [0x0000000795580000, 0x0000000798000000, 0x00000007c0000000)
  eden space 33280K, 0% used [0x0000000795580000,0x0000000795580000,0x0000000797600000)
  from space 5120K, 99% used [0x0000000797b00000,0x0000000797ffccf0,0x0000000798000000)
  to   space 5120K, 0% used [0x0000000797600000,0x0000000797600000,0x0000000797b00000)
 ParOldGen       total 87552K, used 7245K [0x0000000740000000, 0x0000000745580000, 0x0000000795580000)
  object space 87552K, 8% used [0x0000000740000000,0x00000007407135c0,0x0000000745580000)
 Metaspace       used 18408K, capacity 18571K, committed 18816K, reserved 1067008K
  class space    used 1858K, capacity 1918K, committed 1920K, reserved 1048576K
}
Event: 14.357 GC heap before
{Heap before GC invocations=3 (full 0):
 PSYoungGen      total 38400K, used 38205K [0x0000000795580000, 0x0000000798000000, 0x00000007c0000000)
  eden space 33280K, 99% used [0x0000000795580000,0x00000007975d2780,0x0000000797600000)
  from space 5120K, 99% used [0x0000000797b00000,0x0000000797ffccf0,0x0000000798000000)
  to   space 5120K, 0% used [0x0000000797600000,0x0000000797600000,0x0000000797b00000)
 ParOldGen       total 87552K, used 7245K [0x0000000740000000, 0x0000000745580000, 0x0000000795580000)
  object space 87552K, 8% used [0x0000000740000000,0x00000007407135c0,0x0000000745580000)
 Metaspace       used 18452K, capacity 18635K, committed 18816K, reserved 1067008K
  class space    used 1858K, capacity 1918K, committed 1920K, reserved 1048576K
Event: 14.375 GC heap after
Heap after GC invocations=3 (full 0):
 PSYoungGen      total 38400K, used 5107K [0x0000000795580000, 0x000000079a080000, 0x00000007c0000000)
  eden space 33280K, 0% used [0x0000000795580000,0x0000000795580000,0x0000000797600000)
  from space 5120K, 99% used [0x0000000797600000,0x0000000797afccc0,0x0000000797b00000)
  to   space 5120K, 0% used [0x0000000799b80000,0x0000000799b80000,0x000000079a080000)
 ParOldGen       total 87552K, used 13827K [0x0000000740000000, 0x0000000745580000, 0x0000000795580000)
  object space 87552K, 15% used [0x0000000740000000,0x0000000740d80ec0,0x0000000745580000)
 Metaspace       used 18452K, capacity 18635K, committed 18816K, reserved 1067008K
  class space    used 1858K, capacity 1918K, committed 1920K, reserved 1048576K
}
Event: 14.823 GC heap before
{Heap before GC invocations=4 (full 0):
 PSYoungGen      total 38400K, used 38236K [0x0000000795580000, 0x000000079a080000, 0x00000007c0000000)
  eden space 33280K, 99% used [0x0000000795580000,0x00000007975da4b0,0x0000000797600000)
  from space 5120K, 99% used [0x0000000797600000,0x0000000797afccc0,0x0000000797b00000)
  to   space 5120K, 0% used [0x0000000799b80000,0x0000000799b80000,0x000000079a080000)
 ParOldGen       total 87552K, used 14339K [0x0000000740000000, 0x0000000745580000, 0x0000000795580000)
  object space 87552K, 16% used [0x0000000740000000,0x0000000740e00ee0,0x0000000745580000)
 Metaspace       used 18520K, capacity 18699K, committed 18816K, reserved 1067008K
  class space    used 1858K, capacity 1918K, committed 1920K, reserved 1048576K
Event: 14.842 GC heap after
Heap after GC invocations=4 (full 0):
 PSYoungGen      total 71680K, used 5092K [0x0000000795580000, 0x000000079a080000, 0x00000007c0000000)
  eden space 66560K, 0% used [0x0000000795580000,0x0000000795580000,0x0000000799680000)
  from space 5120K, 99% used [0x0000000799b80000,0x000000079a0791b8,0x000000079a080000)
  to   space 5120K, 0% used [0x0000000799680000,0x0000000799680000,0x0000000799b80000)
 ParOldGen       total 87552K, used 20780K [0x0000000740000000, 0x0000000745580000, 0x0000000795580000)
  object space 87552K, 23% used [0x0000000740000000,0x000000074144b070,0x0000000745580000)
 Metaspace       used 18520K, capacity 18699K, committed 18816K, reserved 1067008K
  class space    used 1858K, capacity 1918K, committed 1920K, reserved 1048576K
}

