# JRE version: Java(TM) SE Runtime Environment (8.0_65-b17) (build 1.8.0_65-b17)
# Java VM: Java HotSpot(TM) 64-Bit Server VM (25.65-b01 mixed mode bsd-amd64 compressed oops)
Heap:
 PSYoungGen      total 39936K, used 22110K [0x0000000795580000, 0x0000000798d80000, 0x00000007c0000000)
  eden space 24576K, 89% used [0x0000000795580000,0x0000000796aff978,0x0000000796d80000)
  from space 15360K, 0% used [0x0000000797e80000,0x0000000797e98000,0x0000000798d80000)
  to   space 16384K, 0% used [0x0000000796d80000,0x0000000796d80000,0x0000000797d80000)
 ParOldGen       total 108544K, used 64759K [0x0000000740000000, 0x0000000746a00000, 0x0000000795580000)
  object space 108544K, 59% used [0x0000000740000000,0x0000000743f3dd48,0x0000000746a00000)
 Metaspace       used 21235K, capacity 21443K, committed 21808K, reserved 1069056K
  class space    used 2030K, capacity 2110K, committed 2176K, reserved 1048576K
GC Heap History (10 events):
Event: 47.498 GC heap before
{Heap before GC invocations=18 (full 2):
 PSYoungGen      total 44032K, used 27200K [0x0000000795580000, 0x0000000799200000, 0x00000007c0000000)
  eden space 27136K, 100% used [0x0000000795580000,0x0000000797000000,0x0000000797000000)
  from space 16896K, 0% used [0x0000000797080000,0x0000000797090000,0x0000000798100000)
  to   space 17408K, 0% used [0x0000000798100000,0x0000000798100000,0x0000000799200000)
 ParOldGen       total 108544K, used 64759K [0x0000000740000000, 0x0000000746a00000, 0x0000000795580000)
  object space 108544K, 59% used [0x0000000740000000,0x0000000743f3dd48,0x0000000746a00000)
 Metaspace       used 21201K, capacity 21443K, committed 21808K, reserved 1069056K
  class space    used 2022K, capacity 2110K, committed 2176K, reserved 1048576K
Event: 47.500 GC heap after
Heap after GC invocations=18 (full 2):
 PSYoungGen      total 43520K, used 96K [0x0000000795580000, 0x0000000799180000, 0x00000007c0000000)
  eden space 26624K, 0% used [0x0000000795580000,0x0000000795580000,0x0000000796f80000)
  from space 16896K, 0% used [0x0000000798100000,0x0000000798118000,0x0000000799180000)
  to   space 17408K, 0% used [0x0000000796f80000,0x0000000796f80000,0x0000000798080000)
 ParOldGen       total 108544K, used 64759K [0x0000000740000000, 0x0000000746a00000, 0x0000000795580000)
  object space 108544K, 59% used [0x0000000740000000,0x0000000743f3dd48,0x0000000746a00000)
 Metaspace       used 21201K, capacity 21443K, committed 21808K, reserved 1069056K
  class space    used 2022K, capacity 2110K, committed 2176K, reserved 1048576K
}
Event: 52.649 GC heap before
{Heap before GC invocations=19 (full 2):
 PSYoungGen      total 43520K, used 26720K [0x0000000795580000, 0x0000000799180000, 0x00000007c0000000)
  eden space 26624K, 100% used [0x0000000795580000,0x0000000796f80000,0x0000000796f80000)
  from space 16896K, 0% used [0x0000000798100000,0x0000000798118000,0x0000000799180000)
  to   space 17408K, 0% used [0x0000000796f80000,0x0000000796f80000,0x0000000798080000)
 ParOldGen       total 108544K, used 64759K [0x0000000740000000, 0x0000000746a00000, 0x0000000795580000)
  object space 108544K, 59% used [0x0000000740000000,0x0000000743f3dd48,0x0000000746a00000)
 Metaspace       used 21201K, capacity 21443K, committed 21808K, reserved 1069056K
  class space    used 2022K, capacity 2110K, committed 2176K, reserved 1048576K
Event: 52.651 GC heap after
Heap after GC invocations=19 (full 2):
 PSYoungGen      total 26624K, used 96K [0x0000000795580000, 0x0000000799100000, 0x00000007c0000000)
  eden space 26112K, 0% used [0x0000000795580000,0x0000000795580000,0x0000000796f00000)
  from space 512K, 18% used [0x0000000796f80000,0x0000000796f98000,0x0000000797000000)
  to   space 17408K, 0% used [0x0000000798000000,0x0000000798000000,0x0000000799100000)
 ParOldGen       total 108544K, used 64759K [0x0000000740000000, 0x0000000746a00000, 0x0000000795580000)
  object space 108544K, 59% used [0x0000000740000000,0x0000000743f3dd48,0x0000000746a00000)
 Metaspace       used 21201K, capacity 21443K, committed 21808K, reserved 1069056K
  class space    used 2022K, capacity 2110K, committed 2176K, reserved 1048576K
}
Event: 57.688 GC heap before
{Heap before GC invocations=20 (full 2):
 PSYoungGen      total 26624K, used 26208K [0x0000000795580000, 0x0000000799100000, 0x00000007c0000000)
  eden space 26112K, 100% used [0x0000000795580000,0x0000000796f00000,0x0000000796f00000)
  from space 512K, 18% used [0x0000000796f80000,0x0000000796f98000,0x0000000797000000)
  to   space 17408K, 0% used [0x0000000798000000,0x0000000798000000,0x0000000799100000)
 ParOldGen       total 108544K, used 64759K [0x0000000740000000, 0x0000000746a00000, 0x0000000795580000)
  object space 108544K, 59% used [0x0000000740000000,0x0000000743f3dd48,0x0000000746a00000)
 Metaspace       used 21201K, capacity 21443K, committed 21808K, reserved 1069056K
  class space    used 2022K, capacity 2110K, committed 2176K, reserved 1048576K
Event: 57.690 GC heap after
Heap after GC invocations=20 (full 2):
 PSYoungGen      total 42496K, used 96K [0x0000000795580000, 0x0000000799080000, 0x00000007c0000000)
  eden space 25600K, 0% used [0x0000000795580000,0x0000000795580000,0x0000000796e80000)
  from space 16896K, 0% used [0x0000000798000000,0x0000000798018000,0x0000000799080000)
  to   space 17408K, 0% used [0x0000000796e80000,0x0000000796e80000,0x0000000797f80000)
 ParOldGen       total 108544K, used 64759K [0x0000000740000000, 0x0000000746a00000, 0x0000000795580000)
  object space 108544K, 59% used [0x0000000740000000,0x0000000743f3dd48,0x0000000746a00000)
 Metaspace       used 21201K, capacity 21443K, committed 21808K, reserved 1069056K
  class space    used 2022K, capacity 2110K, committed 2176K, reserved 1048576K
}
Event: 62.654 GC heap before
{Heap before GC invocations=21 (full 2):
 PSYoungGen      total 42496K, used 25696K [0x0000000795580000, 0x0000000799080000, 0x00000007c0000000)
  eden space 25600K, 100% used [0x0000000795580000,0x0000000796e80000,0x0000000796e80000)
  from space 16896K, 0% used [0x0000000798000000,0x0000000798018000,0x0000000799080000)
  to   space 17408K, 0% used [0x0000000796e80000,0x0000000796e80000,0x0000000797f80000)
 ParOldGen       total 108544K, used 64759K [0x0000000740000000, 0x0000000746a00000, 0x0000000795580000)
  object space 108544K, 59% used [0x0000000740000000,0x0000000743f3dd48,0x0000000746a00000)
 Metaspace       used 21201K, capacity 21443K, committed 21808K, reserved 1069056K
  class space    used 2022K, capacity 2110K, committed 2176K, reserved 1048576K
Event: 62.656 GC heap after
Heap after GC invocations=21 (full 2):
 PSYoungGen      total 25600K, used 96K [0x0000000795580000, 0x0000000798f00000, 0x00000007c0000000)
  eden space 25088K, 0% used [0x0000000795580000,0x0000000795580000,0x0000000796e00000)
  from space 512K, 18% used [0x0000000796e80000,0x0000000796e98000,0x0000000796f00000)
  to   space 16896K, 0% used [0x0000000797e80000,0x0000000797e80000,0x0000000798f00000)
 ParOldGen       total 108544K, used 64759K [0x0000000740000000, 0x0000000746a00000, 0x0000000795580000)
  object space 108544K, 59% used [0x0000000740000000,0x0000000743f3dd48,0x0000000746a00000)
 Metaspace       used 21201K, capacity 21443K, committed 21808K, reserved 1069056K
  class space    used 2022K, capacity 2110K, committed 2176K, reserved 1048576K
}
Event: 67.508 GC heap before
{Heap before GC invocations=22 (full 2):
 PSYoungGen      total 25600K, used 25184K [0x0000000795580000, 0x0000000798f00000, 0x00000007c0000000)
  eden space 25088K, 100% used [0x0000000795580000,0x0000000796e00000,0x0000000796e00000)
  from space 512K, 18% used [0x0000000796e80000,0x0000000796e98000,0x0000000796f00000)
  to   space 16896K, 0% used [0x0000000797e80000,0x0000000797e80000,0x0000000798f00000)
 ParOldGen       total 108544K, used 64759K [0x0000000740000000, 0x0000000746a00000, 0x0000000795580000)
  object space 108544K, 59% used [0x0000000740000000,0x0000000743f3dd48,0x0000000746a00000)
 Metaspace       used 21201K, capacity 21443K, committed 21808K, reserved 1069056K
  class space    used 2022K, capacity 2110K, committed 2176K, reserved 1048576K
Event: 67.510 GC heap after
Heap after GC invocations=22 (full 2):
 PSYoungGen      total 39936K, used 96K [0x0000000795580000, 0x0000000798d80000, 0x00000007c0000000)
  eden space 24576K, 0% used [0x0000000795580000,0x0000000795580000,0x0000000796d80000)
  from space 15360K, 0% used [0x0000000797e80000,0x0000000797e98000,0x0000000798d80000)
  to   space 16384K, 0% used [0x0000000796d80000,0x0000000796d80000,0x0000000797d80000)
 ParOldGen       total 108544K, used 64759K [0x0000000740000000, 0x0000000746a00000, 0x0000000795580000)
  object space 108544K, 59% used [0x0000000740000000,0x0000000743f3dd48,0x0000000746a00000)
 Metaspace       used 21201K, capacity 21443K, committed 21808K, reserved 1069056K
  class space    used 2022K, capacity 2110K, committed 2176K, reserved 1048576K
}

