# JRE version: Java(TM) SE Runtime Environment (8.0_65-b17) (build 1.8.0_65-b17)
# Java VM: Java HotSpot(TM) 64-Bit Server VM (25.65-b01 mixed mode bsd-amd64 compressed oops)
Heap:
 PSYoungGen      total 37376K, used 1349K [0x0000000795580000, 0x0000000799400000, 0x00000007c0000000)
  eden space 32256K, 4% used [0x0000000795580000,0x00000007956d14c0,0x0000000797500000)
  from space 5120K, 0% used [0x0000000798f00000,0x0000000798f00000,0x0000000799400000)
  to   space 12800K, 0% used [0x0000000797b00000,0x0000000797b00000,0x0000000798780000)
 ParOldGen       total 55808K, used 15180K [0x0000000740000000, 0x0000000743680000, 0x0000000795580000)
  object space 55808K, 27% used [0x0000000740000000,0x0000000740ed31a0,0x0000000743680000)
 Metaspace       used 20992K, capacity 21199K, committed 21552K, reserved 1069056K
  class space    used 2047K, capacity 2112K, committed 2176K, reserved 1048576K
GC Heap History (10 events):
Event: 4.867 GC heap before
{Heap before GC invocations=3 (full 0):
 PSYoungGen      total 38400K, used 38226K [0x0000000795580000, 0x0000000798000000, 0x00000007c0000000)
  eden space 33280K, 99% used [0x0000000795580000,0x00000007975d52d8,0x0000000797600000)
  from space 5120K, 99% used [0x0000000797b00000,0x0000000797fff720,0x0000000798000000)
  to   space 5120K, 0% used [0x0000000797600000,0x0000000797600000,0x0000000797b00000)
 ParOldGen       total 87552K, used 1674K [0x0000000740000000, 0x0000000745580000, 0x0000000795580000)
  object space 87552K, 1% used [0x0000000740000000,0x00000007401a2a68,0x0000000745580000)
 Metaspace       used 20267K, capacity 20483K, committed 20608K, reserved 1067008K
  class space    used 2036K, capacity 2110K, committed 2176K, reserved 1048576K
Event: 4.887 GC heap after
Heap after GC invocations=3 (full 0):
 PSYoungGen      total 38400K, used 5102K [0x0000000795580000, 0x000000079a080000, 0x00000007c0000000)
  eden space 33280K, 0% used [0x0000000795580000,0x0000000795580000,0x0000000797600000)
  from space 5120K, 99% used [0x0000000797600000,0x0000000797afbb60,0x0000000797b00000)
  to   space 5120K, 0% used [0x0000000799b80000,0x0000000799b80000,0x000000079a080000)
 ParOldGen       total 87552K, used 10026K [0x0000000740000000, 0x0000000745580000, 0x0000000795580000)
  object space 87552K, 11% used [0x0000000740000000,0x00000007409ca828,0x0000000745580000)
 Metaspace       used 20267K, capacity 20483K, committed 20608K, reserved 1067008K
  class space    used 2036K, capacity 2110K, committed 2176K, reserved 1048576K
}
Event: 9.261 GC heap before
{Heap before GC invocations=4 (full 0):
 PSYoungGen      total 38400K, used 38382K [0x0000000795580000, 0x000000079a080000, 0x00000007c0000000)
  eden space 33280K, 100% used [0x0000000795580000,0x0000000797600000,0x0000000797600000)
  from space 5120K, 99% used [0x0000000797600000,0x0000000797afbb60,0x0000000797b00000)
  to   space 5120K, 0% used [0x0000000799b80000,0x0000000799b80000,0x000000079a080000)
 ParOldGen       total 87552K, used 10026K [0x0000000740000000, 0x0000000745580000, 0x0000000795580000)
  object space 87552K, 11% used [0x0000000740000000,0x00000007409ca828,0x0000000745580000)
 Metaspace       used 20791K, capacity 21001K, committed 21120K, reserved 1069056K
  class space    used 2039K, capacity 2111K, committed 2176K, reserved 1048576K
Event: 9.275 GC heap after
Heap after GC invocations=4 (full 0):
 PSYoungGen      total 38400K, used 5102K [0x0000000795580000, 0x000000079a080000, 0x00000007c0000000)
  eden space 33280K, 0% used [0x0000000795580000,0x0000000795580000,0x0000000797600000)
  from space 5120K, 99% used [0x0000000799b80000,0x000000079a07bb70,0x000000079a080000)
  to   space 5120K, 0% used [0x0000000797600000,0x0000000797600000,0x0000000797b00000)
 ParOldGen       total 87552K, used 12656K [0x0000000740000000, 0x0000000745580000, 0x0000000795580000)
  object space 87552K, 14% used [0x0000000740000000,0x0000000740c5c0c8,0x0000000745580000)
 Metaspace       used 20791K, capacity 21001K, committed 21120K, reserved 1069056K
  class space    used 2039K, capacity 2111K, committed 2176K, reserved 1048576K
}
Event: 16.032 GC heap before
{Heap before GC invocations=5 (full 0):
 PSYoungGen      total 38400K, used 38382K [0x0000000795580000, 0x000000079a080000, 0x00000007c0000000)
  eden space 33280K, 100% used [0x0000000795580000,0x0000000797600000,0x0000000797600000)
  from space 5120K, 99% used [0x0000000799b80000,0x000000079a07bb70,0x000000079a080000)
  to   space 5120K, 0% used [0x0000000797600000,0x0000000797600000,0x0000000797b00000)
 ParOldGen       total 87552K, used 12656K [0x0000000740000000, 0x0000000745580000, 0x0000000795580000)
  object space 87552K, 14% used [0x0000000740000000,0x0000000740c5c0c8,0x0000000745580000)
 Metaspace       used 20949K, capacity 21129K, committed 21296K, reserved 1069056K
  class space    used 2039K, capacity 2111K, committed 2176K, reserved 1048576K
Event: 16.043 GC heap after
Heap after GC invocations=5 (full 0):
 PSYoungGen      total 37888K, used 5054K [0x0000000795580000, 0x0000000799c00000, 0x00000007c0000000)
  eden space 32768K, 0% used [0x0000000795580000,0x0000000795580000,0x0000000797580000)
  from space 5120K, 98% used [0x0000000797600000,0x0000000797aefb60,0x0000000797b00000)
  to   space 13312K, 0% used [0x0000000798f00000,0x0000000798f00000,0x0000000799c00000)
 ParOldGen       total 87552K, used 12664K [0x0000000740000000, 0x0000000745580000, 0x0000000795580000)
  object space 87552K, 14% used [0x0000000740000000,0x0000000740c5e0c8,0x0000000745580000)
 Metaspace       used 20949K, capacity 21129K, committed 21296K, reserved 1069056K
  class space    used 2039K, capacity 2111K, committed 2176K, reserved 1048576K
}
Event: 19.086 GC heap before
{Heap before GC invocations=6 (full 0):
 PSYoungGen      total 37888K, used 21120K [0x0000000795580000, 0x0000000799c00000, 0x00000007c0000000)
  eden space 32768K, 49% used [0x0000000795580000,0x0000000796530818,0x0000000797580000)
  from space 5120K, 98% used [0x0000000797600000,0x0000000797aefb60,0x0000000797b00000)
  to   space 13312K, 0% used [0x0000000798f00000,0x0000000798f00000,0x0000000799c00000)
 ParOldGen       total 87552K, used 12664K [0x0000000740000000, 0x0000000745580000, 0x0000000795580000)
  object space 87552K, 14% used [0x0000000740000000,0x0000000740c5e0c8,0x0000000745580000)
 Metaspace       used 20989K, capacity 21135K, committed 21296K, reserved 1069056K
  class space    used 2045K, capacity 2112K, committed 2176K, reserved 1048576K
Event: 19.098 GC heap after
Heap after GC invocations=6 (full 0):
 PSYoungGen      total 37376K, used 5101K [0x0000000795580000, 0x0000000799400000, 0x00000007c0000000)
  eden space 32256K, 0% used [0x0000000795580000,0x0000000795580000,0x0000000797500000)
  from space 5120K, 99% used [0x0000000798f00000,0x00000007993fb430,0x0000000799400000)
  to   space 12800K, 0% used [0x0000000797b00000,0x0000000797b00000,0x0000000798780000)
 ParOldGen       total 87552K, used 12672K [0x0000000740000000, 0x0000000745580000, 0x0000000795580000)
  object space 87552K, 14% used [0x0000000740000000,0x0000000740c600c8,0x0000000745580000)
 Metaspace       used 20989K, capacity 21135K, committed 21296K, reserved 1069056K
  class space    used 2045K, capacity 2112K, committed 2176K, reserved 1048576K
}
Event: 19.099 GC heap before
{Heap before GC invocations=7 (full 1):
 PSYoungGen      total 37376K, used 5101K [0x0000000795580000, 0x0000000799400000, 0x00000007c0000000)
  eden space 32256K, 0% used [0x0000000795580000,0x0000000795580000,0x0000000797500000)
  from space 5120K, 99% used [0x0000000798f00000,0x00000007993fb430,0x0000000799400000)
  to   space 12800K, 0% used [0x0000000797b00000,0x0000000797b00000,0x0000000798780000)
 ParOldGen       total 87552K, used 12672K [0x0000000740000000, 0x0000000745580000, 0x0000000795580000)
  object space 87552K, 14% used [0x0000000740000000,0x0000000740c600c8,0x0000000745580000)
 Metaspace       used 20989K, capacity 21135K, committed 21296K, reserved 1069056K
  class space    used 2045K, capacity 2112K, committed 2176K, reserved 1048576K
Event: 19.156 GC heap after
Heap after GC invocations=7 (full 1):
 PSYoungGen      total 37376K, used 0K [0x0000000795580000, 0x0000000799400000, 0x00000007c0000000)
  eden space 32256K, 0% used [0x0000000795580000,0x0000000795580000,0x0000000797500000)
  from space 5120K, 0% used [0x0000000798f00000,0x0000000798f00000,0x0000000799400000)
  to   space 12800K, 0% used [0x0000000797b00000,0x0000000797b00000,0x0000000798780000)
 ParOldGen       total 55808K, used 15180K [0x0000000740000000, 0x0000000743680000, 0x0000000795580000)
  object space 55808K, 27% used [0x0000000740000000,0x0000000740ed31a0,0x0000000743680000)
 Metaspace       used 20989K, capacity 21135K, committed 21296K, reserved 1069056K
  class space    used 2045K, capacity 2112K, committed 2176K, reserved 1048576K
}

